16:02:21 **** Incremental Build of configuration Debug for project EEE3096S_2022_Prac_3_ADCs_Interrupts_and_PWM_Student_Version ****
make -j4 all 
arm-none-eabi-gcc "../Core/Src/main.c" -mcpu=cortex-m0 -std=gnu11 -g3 -DDEBUG -DUSE_HAL_DRIVER -DSTM32F051x8 -c -I../Core/Inc -I../Drivers/STM32F0xx_HAL_Driver/Inc -I../Drivers/STM32F0xx_HAL_Driver/Inc/Legacy -I../Drivers/CMSIS/Device/ST/STM32F0xx/Include -I../Drivers/CMSIS/Include -O0 -ffunction-sections -fdata-sections -Wall -fstack-usage -MMD -MP -MF"Core/Src/main.d" -MT"Core/Src/main.o" --specs=nano.specs -mfloat-abi=soft -mthumb -o "Core/Src/main.o"
arm-none-eabi-gcc -o "EEE3096S_2022_Prac_3_ADCs_Interrupts_and_PWM_Student_Version.elf" @"objects.list"   -mcpu=cortex-m0 -T"C:\Users\PC-USER\OneDrive\UCT YEAR 3\EEE3096S\Practicals\Prac 3\WorkPackage3\EEE3096S_2022_Prac_3_ADCs_Interrupts_and_PWM_Student_Version\STM32F051R8TX_FLASH.ld" --specs=nosys.specs -Wl,-Map="EEE3096S_2022_Prac_3_ADCs_Interrupts_and_PWM_Student_Version.map" -Wl,--gc-sections -static --specs=nano.specs -mfloat-abi=soft -mthumb -Wl,--start-group -lc -lm -Wl,--end-group
Finished building target: EEE3096S_2022_Prac_3_ADCs_Interrupts_and_PWM_Student_Version.elf
 
arm-none-eabi-size   EEE3096S_2022_Prac_3_ADCs_Interrupts_and_PWM_Student_Version.elf 
arm-none-eabi-objdump -h -S  EEE3096S_2022_Prac_3_ADCs_Interrupts_and_PWM_Student_Version.elf  > "EEE3096S_2022_Prac_3_ADCs_Interrupts_and_PWM_Student_Version.list"
   text	   data	    bss	    dec	    hex	filename
  16180	     24	   1976	  18180	   4704	EEE3096S_2022_Prac_3_ADCs_Interrupts_and_PWM_Student_Version.elf
Finished building: default.size.stdout
 
Finished building: EEE3096S_2022_Prac_3_ADCs_Interrupts_and_PWM_Student_Version.list
 
16:07:52 **** Incremental Build of configuration Debug for project EEE3096S_2022_Prac_3_ADCs_Interrupts_and_PWM_Student_Version ****
make -j4 all 
arm-none-eabi-size   EEE3096S_2022_Prac_3_ADCs_Interrupts_and_PWM_Student_Version.elf 
   text	   data	    bss	    dec	    hex	filename
  16180	     24	   1976	  18180	   4704	EEE3096S_2022_Prac_3_ADCs_Interrupts_and_PWM_Student_Version.elf
Finished building: default.size.stdout
 
16:12:22 **** Incremental Build of configuration Debug for project EEE3096S_2022_Prac_3_ADCs_Interrupts_and_PWM_Student_Version ****
make -j4 all 
arm-none-eabi-gcc "../Core/Src/main.c" -mcpu=cortex-m0 -std=gnu11 -g3 -DDEBUG -DUSE_HAL_DRIVER -DSTM32F051x8 -c -I../Core/Inc -I../Drivers/STM32F0xx_HAL_Driver/Inc -I../Drivers/STM32F0xx_HAL_Driver/Inc/Legacy -I../Drivers/CMSIS/Device/ST/STM32F0xx/Include -I../Drivers/CMSIS/Include -O0 -ffunction-sections -fdata-sections -Wall -fstack-usage -MMD -MP -MF"Core/Src/main.d" -MT"Core/Src/main.o" --specs=nano.specs -mfloat-abi=soft -mthumb -o "Core/Src/main.o"
arm-none-eabi-gcc -o "EEE3096S_2022_Prac_3_ADCs_Interrupts_and_PWM_Student_Version.elf" @"objects.list"   -mcpu=cortex-m0 -T"C:\Users\PC-USER\OneDrive\UCT YEAR 3\EEE3096S\Practicals\Prac 3\WorkPackage3\EEE3096S_2022_Prac_3_ADCs_Interrupts_and_PWM_Student_Version\STM32F051R8TX_FLASH.ld" --specs=nosys.specs -Wl,-Map="EEE3096S_2022_Prac_3_ADCs_Interrupts_and_PWM_Student_Version.map" -Wl,--gc-sections -static --specs=nano.specs -mfloat-abi=soft -mthumb -Wl,--start-group -lc -lm -Wl,--end-group
Finished building target: EEE3096S_2022_Prac_3_ADCs_Interrupts_and_PWM_Student_Version.elf
 
arm-none-eabi-size   EEE3096S_2022_Prac_3_ADCs_Interrupts_and_PWM_Student_Version.elf 
arm-none-eabi-objdump -h -S  EEE3096S_2022_Prac_3_ADCs_Interrupts_and_PWM_Student_Version.elf  > "EEE3096S_2022_Prac_3_ADCs_Interrupts_and_PWM_Student_Version.list"
   text	   data	    bss	    dec	    hex	filename
  16180	     24	   1976	  18180	   4704	EEE3096S_2022_Prac_3_ADCs_Interrupts_and_PWM_Student_Version.elf
Finished building: default.size.stdout
 
Finished building: EEE3096S_2022_Prac_3_ADCs_Interrupts_and_PWM_Student_Version.list
 
16:21:03 **** Incremental Build of configuration Debug for project EEE3096S_2022_Prac_3_ADCs_Interrupts_and_PWM_Student_Version ****
make -j4 all 
arm-none-eabi-gcc "../Core/Src/main.c" -mcpu=cortex-m0 -std=gnu11 -g3 -DDEBUG -DUSE_HAL_DRIVER -DSTM32F051x8 -c -I../Core/Inc -I../Drivers/STM32F0xx_HAL_Driver/Inc -I../Drivers/STM32F0xx_HAL_Driver/Inc/Legacy -I../Drivers/CMSIS/Device/ST/STM32F0xx/Include -I../Drivers/CMSIS/Include -O0 -ffunction-sections -fdata-sections -Wall -fstack-usage -MMD -MP -MF"Core/Src/main.d" -MT"Core/Src/main.o" --specs=nano.specs -mfloat-abi=soft -mthumb -o "Core/Src/main.o"
arm-none-eabi-gcc -o "EEE3096S_2022_Prac_3_ADCs_Interrupts_and_PWM_Student_Version.elf" @"objects.list"   -mcpu=cortex-m0 -T"C:\Users\PC-USER\OneDrive\UCT YEAR 3\EEE3096S\Practicals\Prac 3\WorkPackage3\EEE3096S_2022_Prac_3_ADCs_Interrupts_and_PWM_Student_Version\STM32F051R8TX_FLASH.ld" --specs=nosys.specs -Wl,-Map="EEE3096S_2022_Prac_3_ADCs_Interrupts_and_PWM_Student_Version.map" -Wl,--gc-sections -static --specs=nano.specs -mfloat-abi=soft -mthumb -Wl,--start-group -lc -lm -Wl,--end-group
Finished building target: EEE3096S_2022_Prac_3_ADCs_Interrupts_and_PWM_Student_Version.elf
 
arm-none-eabi-size   EEE3096S_2022_Prac_3_ADCs_Interrupts_and_PWM_Student_Version.elf 
arm-none-eabi-objdump -h -S  EEE3096S_2022_Prac_3_ADCs_Interrupts_and_PWM_Student_Version.elf  > "EEE3096S_2022_Prac_3_ADCs_Interrupts_and_PWM_Student_Version.list"
   text	   data	    bss	    dec	    hex	filename
  16224	     24	   1976	  18224	   4730	EEE3096S_2022_Prac_3_ADCs_Interrupts_and_PWM_Student_Version.elf
Finished building: default.size.stdout
 
Finished building: EEE3096S_2022_Prac_3_ADCs_Interrupts_and_PWM_Student_Version.list
 
12:26:58 **** Incremental Build of configuration Debug for project EEE3096S_2022_Prac_3_ADCs_Interrupts_and_PWM_Student_Version ****
make -j4 all 
arm-none-eabi-gcc "../Core/Src/main.c" -mcpu=cortex-m0 -std=gnu11 -g3 -DDEBUG -DUSE_HAL_DRIVER -DSTM32F051x8 -c -I../Core/Inc -I../Drivers/STM32F0xx_HAL_Driver/Inc -I../Drivers/STM32F0xx_HAL_Driver/Inc/Legacy -I../Drivers/CMSIS/Device/ST/STM32F0xx/Include -I../Drivers/CMSIS/Include -O0 -ffunction-sections -fdata-sections -Wall -fstack-usage -MMD -MP -MF"Core/Src/main.d" -MT"Core/Src/main.o" --specs=nano.specs -mfloat-abi=soft -mthumb -o "Core/Src/main.o"
../Core/Src/main.c: In function 'main':
../Core/Src/main.c:134:4: warning: implicit declaration of function 'sprintf' [-Wimplicit-function-declaration]
  134 |    sprintf(ADCvalue, "%d \r\n", pollADC());
      |    ^~~~~~~
../Core/Src/main.c:134:4: warning: incompatible implicit declaration of built-in function 'sprintf'
../Core/Src/main.c:24:1: note: include '<stdio.h>' or provide a declaration of 'sprintf'
   23 | #include "main.h"
  +++ |+#include <stdio.h>
   24 | 
../Core/Src/main.c:134:24: warning: format '%d' expects argument of type 'int', but argument 3 has type 'uint32_t' {aka 'long unsigned int'} [-Wformat=]
  134 |    sprintf(ADCvalue, "%d \r\n", pollADC());
      |                       ~^        ~~~~~~~~~
      |                        |        |
      |                        int      uint32_t {aka long unsigned int}
      |                       %ld
../Core/Src/main.c:135:31: warning: pointer targets in passing argument 2 of 'HAL_UART_Transmit' differ in signedness [-Wpointer-sign]
  135 |    HAL_UART_Transmit(&huart2, ADCvalue, sizeof(ADCvalue), 1000);
      |                               ^~~~~~~~
      |                               |
      |                               char *
In file included from ../Core/Inc/stm32f0xx_hal_conf.h:289,
                 from ../Drivers/STM32F0xx_HAL_Driver/Inc/stm32f0xx_hal.h:30,
                 from ../Core/Inc/main.h:30,
                 from ../Core/Src/main.c:23:
../Drivers/STM32F0xx_HAL_Driver/Inc/stm32f0xx_hal_uart.h:1528:73: note: expected 'uint8_t *' {aka 'unsigned char *'} but argument is of type 'char *'
 1528 | HAL_StatusTypeDef HAL_UART_Transmit(UART_HandleTypeDef *huart, uint8_t *pData, uint16_t Size, uint32_t Timeout);
      |                                                                ~~~~~~~~~^~~~~
arm-none-eabi-gcc -o "EEE3096S_2022_Prac_3_ADCs_Interrupts_and_PWM_Student_Version.elf" @"objects.list"   -mcpu=cortex-m0 -T"C:\Users\PC-USER\OneDrive\UCT YEAR 3\EEE3096S\Practicals\Prac 3\WorkPackage3\EEE3096S_2022_Prac_3_ADCs_Interrupts_and_PWM_Student_Version\STM32F051R8TX_FLASH.ld" --specs=nosys.specs -Wl,-Map="EEE3096S_2022_Prac_3_ADCs_Interrupts_and_PWM_Student_Version.map" -Wl,--gc-sections -static --specs=nano.specs -mfloat-abi=soft -mthumb -Wl,--start-group -lc -lm -Wl,--end-group
Finished building target: EEE3096S_2022_Prac_3_ADCs_Interrupts_and_PWM_Student_Version.elf
 
arm-none-eabi-size   EEE3096S_2022_Prac_3_ADCs_Interrupts_and_PWM_Student_Version.elf 
arm-none-eabi-objdump -h -S  EEE3096S_2022_Prac_3_ADCs_Interrupts_and_PWM_Student_Version.elf  > "EEE3096S_2022_Prac_3_ADCs_Interrupts_and_PWM_Student_Version.list"
   text	   data	    bss	    dec	    hex	filename
  19880	    124	   1996	  22000	   55f0	EEE3096S_2022_Prac_3_ADCs_Interrupts_and_PWM_Student_Version.elf
Finished building: default.size.stdout
 
Finished building: EEE3096S_2022_Prac_3_ADCs_Interrupts_and_PWM_Student_Version.list
 
12:39:00 **** Incremental Build of configuration Debug for project EEE3096S_2022_Prac_3_ADCs_Interrupts_and_PWM_Student_Version ****
make -j4 all 
arm-none-eabi-gcc "../Core/Src/main.c" -mcpu=cortex-m0 -std=gnu11 -g3 -DDEBUG -DUSE_HAL_DRIVER -DSTM32F051x8 -c -I../Core/Inc -I../Drivers/STM32F0xx_HAL_Driver/Inc -I../Drivers/STM32F0xx_HAL_Driver/Inc/Legacy -I../Drivers/CMSIS/Device/ST/STM32F0xx/Include -I../Drivers/CMSIS/Include -O0 -ffunction-sections -fdata-sections -Wall -fstack-usage -MMD -MP -MF"Core/Src/main.d" -MT"Core/Src/main.o" --specs=nano.specs -mfloat-abi=soft -mthumb -o "Core/Src/main.o"
../Core/Src/main.c: In function 'main':
../Core/Src/main.c:134:4: warning: implicit declaration of function 'sprintf' [-Wimplicit-function-declaration]
  134 |    sprintf(ADCvalue, "%d \r\n", pollADC());
      |    ^~~~~~~
../Core/Src/main.c:134:4: warning: incompatible implicit declaration of built-in function 'sprintf'
../Core/Src/main.c:24:1: note: include '<stdio.h>' or provide a declaration of 'sprintf'
   23 | #include "main.h"
  +++ |+#include <stdio.h>
   24 | 
../Core/Src/main.c:134:24: warning: format '%d' expects argument of type 'int', but argument 3 has type 'uint32_t' {aka 'long unsigned int'} [-Wformat=]
  134 |    sprintf(ADCvalue, "%d \r\n", pollADC());
      |                       ~^        ~~~~~~~~~
      |                        |        |
      |                        int      uint32_t {aka long unsigned int}
      |                       %ld
../Core/Src/main.c:135:31: warning: pointer targets in passing argument 2 of 'HAL_UART_Transmit' differ in signedness [-Wpointer-sign]
  135 |    HAL_UART_Transmit(&huart2, ADCvalue, sizeof(ADCvalue), 1000);
      |                               ^~~~~~~~
      |                               |
      |                               char *
In file included from ../Core/Inc/stm32f0xx_hal_conf.h:289,
                 from ../Drivers/STM32F0xx_HAL_Driver/Inc/stm32f0xx_hal.h:30,
                 from ../Core/Inc/main.h:30,
                 from ../Core/Src/main.c:23:
../Drivers/STM32F0xx_HAL_Driver/Inc/stm32f0xx_hal_uart.h:1528:73: note: expected 'uint8_t *' {aka 'unsigned char *'} but argument is of type 'char *'
 1528 | HAL_StatusTypeDef HAL_UART_Transmit(UART_HandleTypeDef *huart, uint8_t *pData, uint16_t Size, uint32_t Timeout);
      |                                                                ~~~~~~~~~^~~~~
arm-none-eabi-gcc -o "EEE3096S_2022_Prac_3_ADCs_Interrupts_and_PWM_Student_Version.elf" @"objects.list"   -mcpu=cortex-m0 -T"C:\Users\PC-USER\OneDrive\UCT YEAR 3\EEE3096S\Practicals\Prac 3\WorkPackage3\EEE3096S_2022_Prac_3_ADCs_Interrupts_and_PWM_Student_Version\STM32F051R8TX_FLASH.ld" --specs=nosys.specs -Wl,-Map="EEE3096S_2022_Prac_3_ADCs_Interrupts_and_PWM_Student_Version.map" -Wl,--gc-sections -static --specs=nano.specs -mfloat-abi=soft -mthumb -Wl,--start-group -lc -lm -Wl,--end-group
Finished building target: EEE3096S_2022_Prac_3_ADCs_Interrupts_and_PWM_Student_Version.elf
 
arm-none-eabi-size   EEE3096S_2022_Prac_3_ADCs_Interrupts_and_PWM_Student_Version.elf 
arm-none-eabi-objdump -h -S  EEE3096S_2022_Prac_3_ADCs_Interrupts_and_PWM_Student_Version.elf  > "EEE3096S_2022_Prac_3_ADCs_Interrupts_and_PWM_Student_Version.list"
   text	   data	    bss	    dec	    hex	filename
  19880	    124	   1996	  22000	   55f0	EEE3096S_2022_Prac_3_ADCs_Interrupts_and_PWM_Student_Version.elf
Finished building: default.size.stdout
 
Finished building: EEE3096S_2022_Prac_3_ADCs_Interrupts_and_PWM_Student_Version.list
 
12:41:22 **** Incremental Build of configuration Debug for project EEE3096S_2022_Prac_3_ADCs_Interrupts_and_PWM_Student_Version ****
make -j4 all 
arm-none-eabi-gcc "../Core/Src/main.c" -mcpu=cortex-m0 -std=gnu11 -g3 -DDEBUG -DUSE_HAL_DRIVER -DSTM32F051x8 -c -I../Core/Inc -I../Drivers/STM32F0xx_HAL_Driver/Inc -I../Drivers/STM32F0xx_HAL_Driver/Inc/Legacy -I../Drivers/CMSIS/Device/ST/STM32F0xx/Include -I../Drivers/CMSIS/Include -O0 -ffunction-sections -fdata-sections -Wall -fstack-usage -MMD -MP -MF"Core/Src/main.d" -MT"Core/Src/main.o" --specs=nano.specs -mfloat-abi=soft -mthumb -o "Core/Src/main.o"
../Core/Src/main.c: In function 'main':
../Core/Src/main.c:134:4: warning: implicit declaration of function 'sprintf' [-Wimplicit-function-declaration]
  134 |    sprintf(ADCvalue, "%d \r\n", pollADC());
      |    ^~~~~~~
../Core/Src/main.c:134:4: warning: incompatible implicit declaration of built-in function 'sprintf'
../Core/Src/main.c:24:1: note: include '<stdio.h>' or provide a declaration of 'sprintf'
   23 | #include "main.h"
  +++ |+#include <stdio.h>
   24 | 
../Core/Src/main.c:134:24: warning: format '%d' expects argument of type 'int', but argument 3 has type 'uint32_t' {aka 'long unsigned int'} [-Wformat=]
  134 |    sprintf(ADCvalue, "%d \r\n", pollADC());
      |                       ~^        ~~~~~~~~~
      |                        |        |
      |                        int      uint32_t {aka long unsigned int}
      |                       %ld
../Core/Src/main.c:135:31: warning: pointer targets in passing argument 2 of 'HAL_UART_Transmit' differ in signedness [-Wpointer-sign]
  135 |    HAL_UART_Transmit(&huart2, ADCvalue, sizeof(ADCvalue), 1000);
      |                               ^~~~~~~~
      |                               |
      |                               char *
In file included from ../Core/Inc/stm32f0xx_hal_conf.h:289,
                 from ../Drivers/STM32F0xx_HAL_Driver/Inc/stm32f0xx_hal.h:30,
                 from ../Core/Inc/main.h:30,
                 from ../Core/Src/main.c:23:
../Drivers/STM32F0xx_HAL_Driver/Inc/stm32f0xx_hal_uart.h:1528:73: note: expected 'uint8_t *' {aka 'unsigned char *'} but argument is of type 'char *'
 1528 | HAL_StatusTypeDef HAL_UART_Transmit(UART_HandleTypeDef *huart, uint8_t *pData, uint16_t Size, uint32_t Timeout);
      |                                                                ~~~~~~~~~^~~~~
arm-none-eabi-gcc -o "EEE3096S_2022_Prac_3_ADCs_Interrupts_and_PWM_Student_Version.elf" @"objects.list"   -mcpu=cortex-m0 -T"C:\Users\PC-USER\OneDrive\UCT YEAR 3\EEE3096S\Practicals\Prac 3\WorkPackage3\EEE3096S_2022_Prac_3_ADCs_Interrupts_and_PWM_Student_Version\STM32F051R8TX_FLASH.ld" --specs=nosys.specs -Wl,-Map="EEE3096S_2022_Prac_3_ADCs_Interrupts_and_PWM_Student_Version.map" -Wl,--gc-sections -static --specs=nano.specs -mfloat-abi=soft -mthumb -Wl,--start-group -lc -lm -Wl,--end-group
Finished building target: EEE3096S_2022_Prac_3_ADCs_Interrupts_and_PWM_Student_Version.elf
 
arm-none-eabi-size   EEE3096S_2022_Prac_3_ADCs_Interrupts_and_PWM_Student_Version.elf 
arm-none-eabi-objdump -h -S  EEE3096S_2022_Prac_3_ADCs_Interrupts_and_PWM_Student_Version.elf  > "EEE3096S_2022_Prac_3_ADCs_Interrupts_and_PWM_Student_Version.list"
   text	   data	    bss	    dec	    hex	filename
  19880	    124	   1996	  22000	   55f0	EEE3096S_2022_Prac_3_ADCs_Interrupts_and_PWM_Student_Version.elf
Finished building: default.size.stdout
 
Finished building: EEE3096S_2022_Prac_3_ADCs_Interrupts_and_PWM_Student_Version.list
 
13:33:31 **** Incremental Build of configuration Debug for project EEE3096S_2022_Prac_3_ADCs_Interrupts_and_PWM_Student_Version ****
make -j4 all 
arm-none-eabi-gcc "../Core/Src/main.c" -mcpu=cortex-m0 -std=gnu11 -g3 -DDEBUG -DUSE_HAL_DRIVER -DSTM32F051x8 -c -I../Core/Inc -I../Drivers/STM32F0xx_HAL_Driver/Inc -I../Drivers/STM32F0xx_HAL_Driver/Inc/Legacy -I../Drivers/CMSIS/Device/ST/STM32F0xx/Include -I../Drivers/CMSIS/Include -O0 -ffunction-sections -fdata-sections -Wall -fstack-usage -MMD -MP -MF"Core/Src/main.d" -MT"Core/Src/main.o" --specs=nano.specs -mfloat-abi=soft -mthumb -o "Core/Src/main.o"
../Core/Src/main.c: In function 'main':
../Core/Src/main.c:134:4: warning: implicit declaration of function 'sprintf' [-Wimplicit-function-declaration]
  134 |    sprintf(ADCvalue, "%d \r\n", pollADC());
      |    ^~~~~~~
../Core/Src/main.c:134:4: warning: incompatible implicit declaration of built-in function 'sprintf'
../Core/Src/main.c:24:1: note: include '<stdio.h>' or provide a declaration of 'sprintf'
   23 | #include "main.h"
  +++ |+#include <stdio.h>
   24 | 
../Core/Src/main.c:134:24: warning: format '%d' expects argument of type 'int', but argument 3 has type 'uint32_t' {aka 'long unsigned int'} [-Wformat=]
  134 |    sprintf(ADCvalue, "%d \r\n", pollADC());
      |                       ~^        ~~~~~~~~~
      |                        |        |
      |                        int      uint32_t {aka long unsigned int}
      |                       %ld
../Core/Src/main.c:135:31: warning: pointer targets in passing argument 2 of 'HAL_UART_Transmit' differ in signedness [-Wpointer-sign]
  135 |    HAL_UART_Transmit(&huart2, ADCvalue, sizeof(ADCvalue), 1000);
      |                               ^~~~~~~~
      |                               |
      |                               char *
In file included from ../Core/Inc/stm32f0xx_hal_conf.h:289,
                 from ../Drivers/STM32F0xx_HAL_Driver/Inc/stm32f0xx_hal.h:30,
                 from ../Core/Inc/main.h:30,
                 from ../Core/Src/main.c:23:
../Drivers/STM32F0xx_HAL_Driver/Inc/stm32f0xx_hal_uart.h:1528:73: note: expected 'uint8_t *' {aka 'unsigned char *'} but argument is of type 'char *'
 1528 | HAL_StatusTypeDef HAL_UART_Transmit(UART_HandleTypeDef *huart, uint8_t *pData, uint16_t Size, uint32_t Timeout);
      |                                                                ~~~~~~~~~^~~~~
../Core/Src/main.c:139:33: error: too few arguments to function 'ADCtoCRR'
  139 |    sprintf(CRRvalue, "%d \r\n", ADCtoCRR());
      |                                 ^~~~~~~~
../Core/Src/main.c:76:10: note: declared here
   76 | uint32_t ADCtoCRR(uint32_t adc_val);
      |          ^~~~~~~~
../Core/Src/main.c:140:31: warning: pointer targets in passing argument 2 of 'HAL_UART_Transmit' differ in signedness [-Wpointer-sign]
  140 |    HAL_UART_Transmit(&huart2, CRRvalue, sizeof(CRRvalue), 1000);
      |                               ^~~~~~~~
      |                               |
      |                               char *
In file included from ../Core/Inc/stm32f0xx_hal_conf.h:289,
                 from ../Drivers/STM32F0xx_HAL_Driver/Inc/stm32f0xx_hal.h:30,
                 from ../Core/Inc/main.h:30,
                 from ../Core/Src/main.c:23:
../Drivers/STM32F0xx_HAL_Driver/Inc/stm32f0xx_hal_uart.h:1528:73: note: expected 'uint8_t *' {aka 'unsigned char *'} but argument is of type 'char *'
 1528 | HAL_StatusTypeDef HAL_UART_Transmit(UART_HandleTypeDef *huart, uint8_t *pData, uint16_t Size, uint32_t Timeout);
      |                                                                ~~~~~~~~~^~~~~
In file included from ../Core/Inc/stm32f0xx_hal_conf.h:281,
                 from ../Drivers/STM32F0xx_HAL_Driver/Inc/stm32f0xx_hal.h:30,
                 from ../Core/Inc/main.h:30,
                 from ../Core/Src/main.c:23:
../Core/Src/main.c: In function 'ADCtoCRR':
../Core/Src/main.c:451:31: error: 'TIM' undeclared (first use in this function); did you mean 'TIM1'?
  451 |  __HAL_TIM_SET_COMPARE(htim3, TIM CHANNEL 4, ccr val);
      |                               ^~~
../Drivers/STM32F0xx_HAL_Driver/Inc/stm32f0xx_hal_tim.h:1389:6: note: in definition of macro '__HAL_TIM_SET_COMPARE'
 1389 |   (((__CHANNEL__) == TIM_CHANNEL_1) ? ((__HANDLE__)->Instance->CCR1 = (__COMPARE__)) :\
      |      ^~~~~~~~~~~
../Core/Src/main.c:451:31: note: each undeclared identifier is reported only once for each function it appears in
  451 |  __HAL_TIM_SET_COMPARE(htim3, TIM CHANNEL 4, ccr val);
      |                               ^~~
../Drivers/STM32F0xx_HAL_Driver/Inc/stm32f0xx_hal_tim.h:1389:6: note: in definition of macro '__HAL_TIM_SET_COMPARE'
 1389 |   (((__CHANNEL__) == TIM_CHANNEL_1) ? ((__HANDLE__)->Instance->CCR1 = (__COMPARE__)) :\
      |      ^~~~~~~~~~~
../Core/Src/main.c:451:35: error: expected ')' before 'CHANNEL'
  451 |  __HAL_TIM_SET_COMPARE(htim3, TIM CHANNEL 4, ccr val);
      |                                   ^~~~~~~
../Drivers/STM32F0xx_HAL_Driver/Inc/stm32f0xx_hal_tim.h:1389:6: note: in definition of macro '__HAL_TIM_SET_COMPARE'
 1389 |   (((__CHANNEL__) == TIM_CHANNEL_1) ? ((__HANDLE__)->Instance->CCR1 = (__COMPARE__)) :\
      |      ^~~~~~~~~~~
../Drivers/STM32F0xx_HAL_Driver/Inc/stm32f0xx_hal_tim.h:1389:5: note: to match this '('
 1389 |   (((__CHANNEL__) == TIM_CHANNEL_1) ? ((__HANDLE__)->Instance->CCR1 = (__COMPARE__)) :\
      |     ^
../Core/Src/main.c:451:2: note: in expansion of macro '__HAL_TIM_SET_COMPARE'
  451 |  __HAL_TIM_SET_COMPARE(htim3, TIM CHANNEL 4, ccr val);
      |  ^~~~~~~~~~~~~~~~~~~~~
../Drivers/STM32F0xx_HAL_Driver/Inc/stm32f0xx_hal_tim.h:1389:52: error: invalid type argument of '->' (have 'TIM_HandleTypeDef')
 1389 |   (((__CHANNEL__) == TIM_CHANNEL_1) ? ((__HANDLE__)->Instance->CCR1 = (__COMPARE__)) :\
      |                                                    ^~
../Core/Src/main.c:451:2: note: in expansion of macro '__HAL_TIM_SET_COMPARE'
  451 |  __HAL_TIM_SET_COMPARE(htim3, TIM CHANNEL 4, ccr val);
      |  ^~~~~~~~~~~~~~~~~~~~~
../Core/Src/main.c:451:46: error: 'ccr' undeclared (first use in this function)
  451 |  __HAL_TIM_SET_COMPARE(htim3, TIM CHANNEL 4, ccr val);
      |                                              ^~~
../Drivers/STM32F0xx_HAL_Driver/Inc/stm32f0xx_hal_tim.h:1389:72: note: in definition of macro '__HAL_TIM_SET_COMPARE'
 1389 |   (((__CHANNEL__) == TIM_CHANNEL_1) ? ((__HANDLE__)->Instance->CCR1 = (__COMPARE__)) :\
      |                                                                        ^~~~~~~~~~~
../Core/Src/main.c:451:50: error: expected ')' before 'val'
  451 |  __HAL_TIM_SET_COMPARE(htim3, TIM CHANNEL 4, ccr val);
      |                                                  ^~~
../Drivers/STM32F0xx_HAL_Driver/Inc/stm32f0xx_hal_tim.h:1389:72: note: in definition of macro '__HAL_TIM_SET_COMPARE'
 1389 |   (((__CHANNEL__) == TIM_CHANNEL_1) ? ((__HANDLE__)->Instance->CCR1 = (__COMPARE__)) :\
      |                                                                        ^~~~~~~~~~~
../Drivers/STM32F0xx_HAL_Driver/Inc/stm32f0xx_hal_tim.h:1389:71: note: to match this '('
 1389 |   (((__CHANNEL__) == TIM_CHANNEL_1) ? ((__HANDLE__)->Instance->CCR1 = (__COMPARE__)) :\
      |                                                                       ^
../Core/Src/main.c:451:2: note: in expansion of macro '__HAL_TIM_SET_COMPARE'
  451 |  __HAL_TIM_SET_COMPARE(htim3, TIM CHANNEL 4, ccr val);
      |  ^~~~~~~~~~~~~~~~~~~~~
../Core/Src/main.c:451:35: error: expected ')' before 'CHANNEL'
  451 |  __HAL_TIM_SET_COMPARE(htim3, TIM CHANNEL 4, ccr val);
      |                                   ^~~~~~~
../Drivers/STM32F0xx_HAL_Driver/Inc/stm32f0xx_hal_tim.h:1390:6: note: in definition of macro '__HAL_TIM_SET_COMPARE'
 1390 |    ((__CHANNEL__) == TIM_CHANNEL_2) ? ((__HANDLE__)->Instance->CCR2 = (__COMPARE__)) :\
      |      ^~~~~~~~~~~
../Drivers/STM32F0xx_HAL_Driver/Inc/stm32f0xx_hal_tim.h:1390:5: note: to match this '('
 1390 |    ((__CHANNEL__) == TIM_CHANNEL_2) ? ((__HANDLE__)->Instance->CCR2 = (__COMPARE__)) :\
      |     ^
../Core/Src/main.c:451:2: note: in expansion of macro '__HAL_TIM_SET_COMPARE'
  451 |  __HAL_TIM_SET_COMPARE(htim3, TIM CHANNEL 4, ccr val);
      |  ^~~~~~~~~~~~~~~~~~~~~
../Drivers/STM32F0xx_HAL_Driver/Inc/stm32f0xx_hal_tim.h:1390:52: error: invalid type argument of '->' (have 'TIM_HandleTypeDef')
 1390 |    ((__CHANNEL__) == TIM_CHANNEL_2) ? ((__HANDLE__)->Instance->CCR2 = (__COMPARE__)) :\
      |                                                    ^~
../Core/Src/main.c:451:2: note: in expansion of macro '__HAL_TIM_SET_COMPARE'
  451 |  __HAL_TIM_SET_COMPARE(htim3, TIM CHANNEL 4, ccr val);
      |  ^~~~~~~~~~~~~~~~~~~~~
../Core/Src/main.c:451:50: error: expected ')' before 'val'
  451 |  __HAL_TIM_SET_COMPARE(htim3, TIM CHANNEL 4, ccr val);
      |                                                  ^~~
../Drivers/STM32F0xx_HAL_Driver/Inc/stm32f0xx_hal_tim.h:1390:72: note: in definition of macro '__HAL_TIM_SET_COMPARE'
 1390 |    ((__CHANNEL__) == TIM_CHANNEL_2) ? ((__HANDLE__)->Instance->CCR2 = (__COMPARE__)) :\
      |                                                                        ^~~~~~~~~~~
../Drivers/STM32F0xx_HAL_Driver/Inc/stm32f0xx_hal_tim.h:1390:71: note: to match this '('
 1390 |    ((__CHANNEL__) == TIM_CHANNEL_2) ? ((__HANDLE__)->Instance->CCR2 = (__COMPARE__)) :\
      |                                                                       ^
../Core/Src/main.c:451:2: note: in expansion of macro '__HAL_TIM_SET_COMPARE'
  451 |  __HAL_TIM_SET_COMPARE(htim3, TIM CHANNEL 4, ccr val);
      |  ^~~~~~~~~~~~~~~~~~~~~
../Core/Src/main.c:451:35: error: expected ')' before 'CHANNEL'
  451 |  __HAL_TIM_SET_COMPARE(htim3, TIM CHANNEL 4, ccr val);
      |                                   ^~~~~~~
../Drivers/STM32F0xx_HAL_Driver/Inc/stm32f0xx_hal_tim.h:1391:6: note: in definition of macro '__HAL_TIM_SET_COMPARE'
 1391 |    ((__CHANNEL__) == TIM_CHANNEL_3) ? ((__HANDLE__)->Instance->CCR3 = (__COMPARE__)) :\
      |      ^~~~~~~~~~~
../Drivers/STM32F0xx_HAL_Driver/Inc/stm32f0xx_hal_tim.h:1391:5: note: to match this '('
 1391 |    ((__CHANNEL__) == TIM_CHANNEL_3) ? ((__HANDLE__)->Instance->CCR3 = (__COMPARE__)) :\
      |     ^
../Core/Src/main.c:451:2: note: in expansion of macro '__HAL_TIM_SET_COMPARE'
  451 |  __HAL_TIM_SET_COMPARE(htim3, TIM CHANNEL 4, ccr val);
      |  ^~~~~~~~~~~~~~~~~~~~~
../Drivers/STM32F0xx_HAL_Driver/Inc/stm32f0xx_hal_tim.h:1391:52: error: invalid type argument of '->' (have 'TIM_HandleTypeDef')
 1391 |    ((__CHANNEL__) == TIM_CHANNEL_3) ? ((__HANDLE__)->Instance->CCR3 = (__COMPARE__)) :\
      |                                                    ^~
../Core/Src/main.c:451:2: note: in expansion of macro '__HAL_TIM_SET_COMPARE'
  451 |  __HAL_TIM_SET_COMPARE(htim3, TIM CHANNEL 4, ccr val);
      |  ^~~~~~~~~~~~~~~~~~~~~
../Core/Src/main.c:451:50: error: expected ')' before 'val'
  451 |  __HAL_TIM_SET_COMPARE(htim3, TIM CHANNEL 4, ccr val);
      |                                                  ^~~
../Drivers/STM32F0xx_HAL_Driver/Inc/stm32f0xx_hal_tim.h:1391:72: note: in definition of macro '__HAL_TIM_SET_COMPARE'
 1391 |    ((__CHANNEL__) == TIM_CHANNEL_3) ? ((__HANDLE__)->Instance->CCR3 = (__COMPARE__)) :\
      |                                                                        ^~~~~~~~~~~
../Drivers/STM32F0xx_HAL_Driver/Inc/stm32f0xx_hal_tim.h:1391:71: note: to match this '('
 1391 |    ((__CHANNEL__) == TIM_CHANNEL_3) ? ((__HANDLE__)->Instance->CCR3 = (__COMPARE__)) :\
      |                                                                       ^
../Core/Src/main.c:451:2: note: in expansion of macro '__HAL_TIM_SET_COMPARE'
  451 |  __HAL_TIM_SET_COMPARE(htim3, TIM CHANNEL 4, ccr val);
      |  ^~~~~~~~~~~~~~~~~~~~~
../Drivers/STM32F0xx_HAL_Driver/Inc/stm32f0xx_hal_tim.h:1392:17: error: invalid type argument of '->' (have 'TIM_HandleTypeDef')
 1392 |    ((__HANDLE__)->Instance->CCR4 = (__COMPARE__)))
      |                 ^~
../Core/Src/main.c:451:2: note: in expansion of macro '__HAL_TIM_SET_COMPARE'
  451 |  __HAL_TIM_SET_COMPARE(htim3, TIM CHANNEL 4, ccr val);
      |  ^~~~~~~~~~~~~~~~~~~~~
../Core/Src/main.c:451:50: error: expected ')' before 'val'
  451 |  __HAL_TIM_SET_COMPARE(htim3, TIM CHANNEL 4, ccr val);
      |                                                  ^~~
../Drivers/STM32F0xx_HAL_Driver/Inc/stm32f0xx_hal_tim.h:1392:37: note: in definition of macro '__HAL_TIM_SET_COMPARE'
 1392 |    ((__HANDLE__)->Instance->CCR4 = (__COMPARE__)))
      |                                     ^~~~~~~~~~~
../Drivers/STM32F0xx_HAL_Driver/Inc/stm32f0xx_hal_tim.h:1392:36: note: to match this '('
 1392 |    ((__HANDLE__)->Instance->CCR4 = (__COMPARE__)))
      |                                    ^
../Core/Src/main.c:451:2: note: in expansion of macro '__HAL_TIM_SET_COMPARE'
  451 |  __HAL_TIM_SET_COMPARE(htim3, TIM CHANNEL 4, ccr val);
      |  ^~~~~~~~~~~~~~~~~~~~~
../Core/Src/main.c:453:9: error: 'crr_val' undeclared (first use in this function); did you mean 'ccr_val'?
  453 |  return crr_val;
      |         ^~~~~~~
      |         ccr_val
../Core/Src/main.c:448:11: warning: variable 'ccr_val' set but not used [-Wunused-but-set-variable]
  448 |  uint32_t ccr_val;
      |           ^~~~~~~
../Core/Src/main.c:454:1: warning: control reaches end of non-void function [-Wreturn-type]
  454 | }
      | ^
make: *** [Core/Src/subdir.mk:34: Core/Src/main.o] Error 1
"make -j4 all" terminated with exit code 2. Build might be incomplete.
13:35:08 **** Incremental Build of configuration Debug for project EEE3096S_2022_Prac_3_ADCs_Interrupts_and_PWM_Student_Version ****
make -j4 all 
arm-none-eabi-gcc "../Core/Src/main.c" -mcpu=cortex-m0 -std=gnu11 -g3 -DDEBUG -DUSE_HAL_DRIVER -DSTM32F051x8 -c -I../Core/Inc -I../Drivers/STM32F0xx_HAL_Driver/Inc -I../Drivers/STM32F0xx_HAL_Driver/Inc/Legacy -I../Drivers/CMSIS/Device/ST/STM32F0xx/Include -I../Drivers/CMSIS/Include -O0 -ffunction-sections -fdata-sections -Wall -fstack-usage -MMD -MP -MF"Core/Src/main.d" -MT"Core/Src/main.o" --specs=nano.specs -mfloat-abi=soft -mthumb -o "Core/Src/main.o"
../Core/Src/main.c: In function 'main':
../Core/Src/main.c:134:4: warning: implicit declaration of function 'sprintf' [-Wimplicit-function-declaration]
  134 |    sprintf(ADCvalue, "%d \r\n", pollADC());
      |    ^~~~~~~
../Core/Src/main.c:134:4: warning: incompatible implicit declaration of built-in function 'sprintf'
../Core/Src/main.c:24:1: note: include '<stdio.h>' or provide a declaration of 'sprintf'
   23 | #include "main.h"
  +++ |+#include <stdio.h>
   24 | 
../Core/Src/main.c:134:24: warning: format '%d' expects argument of type 'int', but argument 3 has type 'uint32_t' {aka 'long unsigned int'} [-Wformat=]
  134 |    sprintf(ADCvalue, "%d \r\n", pollADC());
      |                       ~^        ~~~~~~~~~
      |                        |        |
      |                        int      uint32_t {aka long unsigned int}
      |                       %ld
../Core/Src/main.c:135:31: warning: pointer targets in passing argument 2 of 'HAL_UART_Transmit' differ in signedness [-Wpointer-sign]
  135 |    HAL_UART_Transmit(&huart2, ADCvalue, sizeof(ADCvalue), 1000);
      |                               ^~~~~~~~
      |                               |
      |                               char *
In file included from ../Core/Inc/stm32f0xx_hal_conf.h:289,
                 from ../Drivers/STM32F0xx_HAL_Driver/Inc/stm32f0xx_hal.h:30,
                 from ../Core/Inc/main.h:30,
                 from ../Core/Src/main.c:23:
../Drivers/STM32F0xx_HAL_Driver/Inc/stm32f0xx_hal_uart.h:1528:73: note: expected 'uint8_t *' {aka 'unsigned char *'} but argument is of type 'char *'
 1528 | HAL_StatusTypeDef HAL_UART_Transmit(UART_HandleTypeDef *huart, uint8_t *pData, uint16_t Size, uint32_t Timeout);
      |                                                                ~~~~~~~~~^~~~~
../Core/Src/main.c:139:33: error: too few arguments to function 'ADCtoCRR'
  139 |    sprintf(CRRvalue, "%d \r\n", ADCtoCRR());
      |                                 ^~~~~~~~
../Core/Src/main.c:76:10: note: declared here
   76 | uint32_t ADCtoCRR(uint32_t adc_val);
      |          ^~~~~~~~
../Core/Src/main.c:140:31: warning: pointer targets in passing argument 2 of 'HAL_UART_Transmit' differ in signedness [-Wpointer-sign]
  140 |    HAL_UART_Transmit(&huart2, CRRvalue, sizeof(CRRvalue), 1000);
      |                               ^~~~~~~~
      |                               |
      |                               char *
In file included from ../Core/Inc/stm32f0xx_hal_conf.h:289,
                 from ../Drivers/STM32F0xx_HAL_Driver/Inc/stm32f0xx_hal.h:30,
                 from ../Core/Inc/main.h:30,
                 from ../Core/Src/main.c:23:
../Drivers/STM32F0xx_HAL_Driver/Inc/stm32f0xx_hal_uart.h:1528:73: note: expected 'uint8_t *' {aka 'unsigned char *'} but argument is of type 'char *'
 1528 | HAL_StatusTypeDef HAL_UART_Transmit(UART_HandleTypeDef *huart, uint8_t *pData, uint16_t Size, uint32_t Timeout);
      |                                                                ~~~~~~~~~^~~~~
In file included from ../Core/Inc/stm32f0xx_hal_conf.h:281,
                 from ../Drivers/STM32F0xx_HAL_Driver/Inc/stm32f0xx_hal.h:30,
                 from ../Core/Inc/main.h:30,
                 from ../Core/Src/main.c:23:
../Core/Src/main.c: In function 'ADCtoCRR':
../Core/Src/main.c:451:31: error: 'TIM' undeclared (first use in this function); did you mean 'TIM1'?
  451 |  __HAL_TIM_SET_COMPARE(htim3, TIM CHANNEL 4, crr val);
      |                               ^~~
../Drivers/STM32F0xx_HAL_Driver/Inc/stm32f0xx_hal_tim.h:1389:6: note: in definition of macro '__HAL_TIM_SET_COMPARE'
 1389 |   (((__CHANNEL__) == TIM_CHANNEL_1) ? ((__HANDLE__)->Instance->CCR1 = (__COMPARE__)) :\
      |      ^~~~~~~~~~~
../Core/Src/main.c:451:31: note: each undeclared identifier is reported only once for each function it appears in
  451 |  __HAL_TIM_SET_COMPARE(htim3, TIM CHANNEL 4, crr val);
      |                               ^~~
../Drivers/STM32F0xx_HAL_Driver/Inc/stm32f0xx_hal_tim.h:1389:6: note: in definition of macro '__HAL_TIM_SET_COMPARE'
 1389 |   (((__CHANNEL__) == TIM_CHANNEL_1) ? ((__HANDLE__)->Instance->CCR1 = (__COMPARE__)) :\
      |      ^~~~~~~~~~~
../Core/Src/main.c:451:35: error: expected ')' before 'CHANNEL'
  451 |  __HAL_TIM_SET_COMPARE(htim3, TIM CHANNEL 4, crr val);
      |                                   ^~~~~~~
../Drivers/STM32F0xx_HAL_Driver/Inc/stm32f0xx_hal_tim.h:1389:6: note: in definition of macro '__HAL_TIM_SET_COMPARE'
 1389 |   (((__CHANNEL__) == TIM_CHANNEL_1) ? ((__HANDLE__)->Instance->CCR1 = (__COMPARE__)) :\
      |      ^~~~~~~~~~~
../Drivers/STM32F0xx_HAL_Driver/Inc/stm32f0xx_hal_tim.h:1389:5: note: to match this '('
 1389 |   (((__CHANNEL__) == TIM_CHANNEL_1) ? ((__HANDLE__)->Instance->CCR1 = (__COMPARE__)) :\
      |     ^
../Core/Src/main.c:451:2: note: in expansion of macro '__HAL_TIM_SET_COMPARE'
  451 |  __HAL_TIM_SET_COMPARE(htim3, TIM CHANNEL 4, crr val);
      |  ^~~~~~~~~~~~~~~~~~~~~
../Drivers/STM32F0xx_HAL_Driver/Inc/stm32f0xx_hal_tim.h:1389:52: error: invalid type argument of '->' (have 'TIM_HandleTypeDef')
 1389 |   (((__CHANNEL__) == TIM_CHANNEL_1) ? ((__HANDLE__)->Instance->CCR1 = (__COMPARE__)) :\
      |                                                    ^~
../Core/Src/main.c:451:2: note: in expansion of macro '__HAL_TIM_SET_COMPARE'
  451 |  __HAL_TIM_SET_COMPARE(htim3, TIM CHANNEL 4, crr val);
      |  ^~~~~~~~~~~~~~~~~~~~~
../Core/Src/main.c:451:46: error: 'crr' undeclared (first use in this function)
  451 |  __HAL_TIM_SET_COMPARE(htim3, TIM CHANNEL 4, crr val);
      |                                              ^~~
../Drivers/STM32F0xx_HAL_Driver/Inc/stm32f0xx_hal_tim.h:1389:72: note: in definition of macro '__HAL_TIM_SET_COMPARE'
 1389 |   (((__CHANNEL__) == TIM_CHANNEL_1) ? ((__HANDLE__)->Instance->CCR1 = (__COMPARE__)) :\
      |                                                                        ^~~~~~~~~~~
../Core/Src/main.c:451:50: error: expected ')' before 'val'
  451 |  __HAL_TIM_SET_COMPARE(htim3, TIM CHANNEL 4, crr val);
      |                                                  ^~~
../Drivers/STM32F0xx_HAL_Driver/Inc/stm32f0xx_hal_tim.h:1389:72: note: in definition of macro '__HAL_TIM_SET_COMPARE'
 1389 |   (((__CHANNEL__) == TIM_CHANNEL_1) ? ((__HANDLE__)->Instance->CCR1 = (__COMPARE__)) :\
      |                                                                        ^~~~~~~~~~~
../Drivers/STM32F0xx_HAL_Driver/Inc/stm32f0xx_hal_tim.h:1389:71: note: to match this '('
 1389 |   (((__CHANNEL__) == TIM_CHANNEL_1) ? ((__HANDLE__)->Instance->CCR1 = (__COMPARE__)) :\
      |                                                                       ^
../Core/Src/main.c:451:2: note: in expansion of macro '__HAL_TIM_SET_COMPARE'
  451 |  __HAL_TIM_SET_COMPARE(htim3, TIM CHANNEL 4, crr val);
      |  ^~~~~~~~~~~~~~~~~~~~~
../Core/Src/main.c:451:35: error: expected ')' before 'CHANNEL'
  451 |  __HAL_TIM_SET_COMPARE(htim3, TIM CHANNEL 4, crr val);
      |                                   ^~~~~~~
../Drivers/STM32F0xx_HAL_Driver/Inc/stm32f0xx_hal_tim.h:1390:6: note: in definition of macro '__HAL_TIM_SET_COMPARE'
 1390 |    ((__CHANNEL__) == TIM_CHANNEL_2) ? ((__HANDLE__)->Instance->CCR2 = (__COMPARE__)) :\
      |      ^~~~~~~~~~~
../Drivers/STM32F0xx_HAL_Driver/Inc/stm32f0xx_hal_tim.h:1390:5: note: to match this '('
 1390 |    ((__CHANNEL__) == TIM_CHANNEL_2) ? ((__HANDLE__)->Instance->CCR2 = (__COMPARE__)) :\
      |     ^
../Core/Src/main.c:451:2: note: in expansion of macro '__HAL_TIM_SET_COMPARE'
  451 |  __HAL_TIM_SET_COMPARE(htim3, TIM CHANNEL 4, crr val);
      |  ^~~~~~~~~~~~~~~~~~~~~
../Drivers/STM32F0xx_HAL_Driver/Inc/stm32f0xx_hal_tim.h:1390:52: error: invalid type argument of '->' (have 'TIM_HandleTypeDef')
 1390 |    ((__CHANNEL__) == TIM_CHANNEL_2) ? ((__HANDLE__)->Instance->CCR2 = (__COMPARE__)) :\
      |                                                    ^~
../Core/Src/main.c:451:2: note: in expansion of macro '__HAL_TIM_SET_COMPARE'
  451 |  __HAL_TIM_SET_COMPARE(htim3, TIM CHANNEL 4, crr val);
      |  ^~~~~~~~~~~~~~~~~~~~~
../Core/Src/main.c:451:50: error: expected ')' before 'val'
  451 |  __HAL_TIM_SET_COMPARE(htim3, TIM CHANNEL 4, crr val);
      |                                                  ^~~
../Drivers/STM32F0xx_HAL_Driver/Inc/stm32f0xx_hal_tim.h:1390:72: note: in definition of macro '__HAL_TIM_SET_COMPARE'
 1390 |    ((__CHANNEL__) == TIM_CHANNEL_2) ? ((__HANDLE__)->Instance->CCR2 = (__COMPARE__)) :\
      |                                                                        ^~~~~~~~~~~
../Drivers/STM32F0xx_HAL_Driver/Inc/stm32f0xx_hal_tim.h:1390:71: note: to match this '('
 1390 |    ((__CHANNEL__) == TIM_CHANNEL_2) ? ((__HANDLE__)->Instance->CCR2 = (__COMPARE__)) :\
      |                                                                       ^
../Core/Src/main.c:451:2: note: in expansion of macro '__HAL_TIM_SET_COMPARE'
  451 |  __HAL_TIM_SET_COMPARE(htim3, TIM CHANNEL 4, crr val);
      |  ^~~~~~~~~~~~~~~~~~~~~
../Core/Src/main.c:451:35: error: expected ')' before 'CHANNEL'
  451 |  __HAL_TIM_SET_COMPARE(htim3, TIM CHANNEL 4, crr val);
      |                                   ^~~~~~~
../Drivers/STM32F0xx_HAL_Driver/Inc/stm32f0xx_hal_tim.h:1391:6: note: in definition of macro '__HAL_TIM_SET_COMPARE'
 1391 |    ((__CHANNEL__) == TIM_CHANNEL_3) ? ((__HANDLE__)->Instance->CCR3 = (__COMPARE__)) :\
      |      ^~~~~~~~~~~
../Drivers/STM32F0xx_HAL_Driver/Inc/stm32f0xx_hal_tim.h:1391:5: note: to match this '('
 1391 |    ((__CHANNEL__) == TIM_CHANNEL_3) ? ((__HANDLE__)->Instance->CCR3 = (__COMPARE__)) :\
      |     ^
../Core/Src/main.c:451:2: note: in expansion of macro '__HAL_TIM_SET_COMPARE'
  451 |  __HAL_TIM_SET_COMPARE(htim3, TIM CHANNEL 4, crr val);
      |  ^~~~~~~~~~~~~~~~~~~~~
../Drivers/STM32F0xx_HAL_Driver/Inc/stm32f0xx_hal_tim.h:1391:52: error: invalid type argument of '->' (have 'TIM_HandleTypeDef')
 1391 |    ((__CHANNEL__) == TIM_CHANNEL_3) ? ((__HANDLE__)->Instance->CCR3 = (__COMPARE__)) :\
      |                                                    ^~
../Core/Src/main.c:451:2: note: in expansion of macro '__HAL_TIM_SET_COMPARE'
  451 |  __HAL_TIM_SET_COMPARE(htim3, TIM CHANNEL 4, crr val);
      |  ^~~~~~~~~~~~~~~~~~~~~
../Core/Src/main.c:451:50: error: expected ')' before 'val'
  451 |  __HAL_TIM_SET_COMPARE(htim3, TIM CHANNEL 4, crr val);
      |                                                  ^~~
../Drivers/STM32F0xx_HAL_Driver/Inc/stm32f0xx_hal_tim.h:1391:72: note: in definition of macro '__HAL_TIM_SET_COMPARE'
 1391 |    ((__CHANNEL__) == TIM_CHANNEL_3) ? ((__HANDLE__)->Instance->CCR3 = (__COMPARE__)) :\
      |                                                                        ^~~~~~~~~~~
../Drivers/STM32F0xx_HAL_Driver/Inc/stm32f0xx_hal_tim.h:1391:71: note: to match this '('
 1391 |    ((__CHANNEL__) == TIM_CHANNEL_3) ? ((__HANDLE__)->Instance->CCR3 = (__COMPARE__)) :\
      |                                                                       ^
../Core/Src/main.c:451:2: note: in expansion of macro '__HAL_TIM_SET_COMPARE'
  451 |  __HAL_TIM_SET_COMPARE(htim3, TIM CHANNEL 4, crr val);
      |  ^~~~~~~~~~~~~~~~~~~~~
../Drivers/STM32F0xx_HAL_Driver/Inc/stm32f0xx_hal_tim.h:1392:17: error: invalid type argument of '->' (have 'TIM_HandleTypeDef')
 1392 |    ((__HANDLE__)->Instance->CCR4 = (__COMPARE__)))
      |                 ^~
../Core/Src/main.c:451:2: note: in expansion of macro '__HAL_TIM_SET_COMPARE'
  451 |  __HAL_TIM_SET_COMPARE(htim3, TIM CHANNEL 4, crr val);
      |  ^~~~~~~~~~~~~~~~~~~~~
../Core/Src/main.c:451:50: error: expected ')' before 'val'
  451 |  __HAL_TIM_SET_COMPARE(htim3, TIM CHANNEL 4, crr val);
      |                                                  ^~~
../Drivers/STM32F0xx_HAL_Driver/Inc/stm32f0xx_hal_tim.h:1392:37: note: in definition of macro '__HAL_TIM_SET_COMPARE'
 1392 |    ((__HANDLE__)->Instance->CCR4 = (__COMPARE__)))
      |                                     ^~~~~~~~~~~
../Drivers/STM32F0xx_HAL_Driver/Inc/stm32f0xx_hal_tim.h:1392:36: note: to match this '('
 1392 |    ((__HANDLE__)->Instance->CCR4 = (__COMPARE__)))
      |                                    ^
../Core/Src/main.c:451:2: note: in expansion of macro '__HAL_TIM_SET_COMPARE'
  451 |  __HAL_TIM_SET_COMPARE(htim3, TIM CHANNEL 4, crr val);
      |  ^~~~~~~~~~~~~~~~~~~~~
make: *** [Core/Src/subdir.mk:34: Core/Src/main.o] Error 1
"make -j4 all" terminated with exit code 2. Build might be incomplete.
13:36:03 **** Incremental Build of configuration Debug for project EEE3096S_2022_Prac_3_ADCs_Interrupts_and_PWM_Student_Version ****
make -j4 all 
arm-none-eabi-gcc "../Core/Src/main.c" -mcpu=cortex-m0 -std=gnu11 -g3 -DDEBUG -DUSE_HAL_DRIVER -DSTM32F051x8 -c -I../Core/Inc -I../Drivers/STM32F0xx_HAL_Driver/Inc -I../Drivers/STM32F0xx_HAL_Driver/Inc/Legacy -I../Drivers/CMSIS/Device/ST/STM32F0xx/Include -I../Drivers/CMSIS/Include -O0 -ffunction-sections -fdata-sections -Wall -fstack-usage -MMD -MP -MF"Core/Src/main.d" -MT"Core/Src/main.o" --specs=nano.specs -mfloat-abi=soft -mthumb -o "Core/Src/main.o"
../Core/Src/main.c: In function 'main':
../Core/Src/main.c:134:4: warning: implicit declaration of function 'sprintf' [-Wimplicit-function-declaration]
  134 |    sprintf(ADCvalue, "%d \r\n", pollADC());
      |    ^~~~~~~
../Core/Src/main.c:134:4: warning: incompatible implicit declaration of built-in function 'sprintf'
../Core/Src/main.c:24:1: note: include '<stdio.h>' or provide a declaration of 'sprintf'
   23 | #include "main.h"
  +++ |+#include <stdio.h>
   24 | 
../Core/Src/main.c:134:24: warning: format '%d' expects argument of type 'int', but argument 3 has type 'uint32_t' {aka 'long unsigned int'} [-Wformat=]
  134 |    sprintf(ADCvalue, "%d \r\n", pollADC());
      |                       ~^        ~~~~~~~~~
      |                        |        |
      |                        int      uint32_t {aka long unsigned int}
      |                       %ld
../Core/Src/main.c:135:31: warning: pointer targets in passing argument 2 of 'HAL_UART_Transmit' differ in signedness [-Wpointer-sign]
  135 |    HAL_UART_Transmit(&huart2, ADCvalue, sizeof(ADCvalue), 1000);
      |                               ^~~~~~~~
      |                               |
      |                               char *
In file included from ../Core/Inc/stm32f0xx_hal_conf.h:289,
                 from ../Drivers/STM32F0xx_HAL_Driver/Inc/stm32f0xx_hal.h:30,
                 from ../Core/Inc/main.h:30,
                 from ../Core/Src/main.c:23:
../Drivers/STM32F0xx_HAL_Driver/Inc/stm32f0xx_hal_uart.h:1528:73: note: expected 'uint8_t *' {aka 'unsigned char *'} but argument is of type 'char *'
 1528 | HAL_StatusTypeDef HAL_UART_Transmit(UART_HandleTypeDef *huart, uint8_t *pData, uint16_t Size, uint32_t Timeout);
      |                                                                ~~~~~~~~~^~~~~
../Core/Src/main.c:139:24: warning: format '%d' expects argument of type 'int', but argument 3 has type 'uint32_t' {aka 'long unsigned int'} [-Wformat=]
  139 |    sprintf(CRRvalue, "%d \r\n", ADCtoCRR(pollADC()));
      |                       ~^        ~~~~~~~~~~~~~~~~~~~
      |                        |        |
      |                        int      uint32_t {aka long unsigned int}
      |                       %ld
../Core/Src/main.c:140:31: warning: pointer targets in passing argument 2 of 'HAL_UART_Transmit' differ in signedness [-Wpointer-sign]
  140 |    HAL_UART_Transmit(&huart2, CRRvalue, sizeof(CRRvalue), 1000);
      |                               ^~~~~~~~
      |                               |
      |                               char *
In file included from ../Core/Inc/stm32f0xx_hal_conf.h:289,
                 from ../Drivers/STM32F0xx_HAL_Driver/Inc/stm32f0xx_hal.h:30,
                 from ../Core/Inc/main.h:30,
                 from ../Core/Src/main.c:23:
../Drivers/STM32F0xx_HAL_Driver/Inc/stm32f0xx_hal_uart.h:1528:73: note: expected 'uint8_t *' {aka 'unsigned char *'} but argument is of type 'char *'
 1528 | HAL_StatusTypeDef HAL_UART_Transmit(UART_HandleTypeDef *huart, uint8_t *pData, uint16_t Size, uint32_t Timeout);
      |                                                                ~~~~~~~~~^~~~~
In file included from ../Core/Inc/stm32f0xx_hal_conf.h:281,
                 from ../Drivers/STM32F0xx_HAL_Driver/Inc/stm32f0xx_hal.h:30,
                 from ../Core/Inc/main.h:30,
                 from ../Core/Src/main.c:23:
../Core/Src/main.c: In function 'ADCtoCRR':
../Core/Src/main.c:451:31: error: 'TIM' undeclared (first use in this function); did you mean 'TIM1'?
  451 |  __HAL_TIM_SET_COMPARE(htim3, TIM CHANNEL 4, crr val);
      |                               ^~~
../Drivers/STM32F0xx_HAL_Driver/Inc/stm32f0xx_hal_tim.h:1389:6: note: in definition of macro '__HAL_TIM_SET_COMPARE'
 1389 |   (((__CHANNEL__) == TIM_CHANNEL_1) ? ((__HANDLE__)->Instance->CCR1 = (__COMPARE__)) :\
      |      ^~~~~~~~~~~
../Core/Src/main.c:451:31: note: each undeclared identifier is reported only once for each function it appears in
  451 |  __HAL_TIM_SET_COMPARE(htim3, TIM CHANNEL 4, crr val);
      |                               ^~~
../Drivers/STM32F0xx_HAL_Driver/Inc/stm32f0xx_hal_tim.h:1389:6: note: in definition of macro '__HAL_TIM_SET_COMPARE'
 1389 |   (((__CHANNEL__) == TIM_CHANNEL_1) ? ((__HANDLE__)->Instance->CCR1 = (__COMPARE__)) :\
      |      ^~~~~~~~~~~
../Core/Src/main.c:451:35: error: expected ')' before 'CHANNEL'
  451 |  __HAL_TIM_SET_COMPARE(htim3, TIM CHANNEL 4, crr val);
      |                                   ^~~~~~~
../Drivers/STM32F0xx_HAL_Driver/Inc/stm32f0xx_hal_tim.h:1389:6: note: in definition of macro '__HAL_TIM_SET_COMPARE'
 1389 |   (((__CHANNEL__) == TIM_CHANNEL_1) ? ((__HANDLE__)->Instance->CCR1 = (__COMPARE__)) :\
      |      ^~~~~~~~~~~
../Drivers/STM32F0xx_HAL_Driver/Inc/stm32f0xx_hal_tim.h:1389:5: note: to match this '('
 1389 |   (((__CHANNEL__) == TIM_CHANNEL_1) ? ((__HANDLE__)->Instance->CCR1 = (__COMPARE__)) :\
      |     ^
../Core/Src/main.c:451:2: note: in expansion of macro '__HAL_TIM_SET_COMPARE'
  451 |  __HAL_TIM_SET_COMPARE(htim3, TIM CHANNEL 4, crr val);
      |  ^~~~~~~~~~~~~~~~~~~~~
../Drivers/STM32F0xx_HAL_Driver/Inc/stm32f0xx_hal_tim.h:1389:52: error: invalid type argument of '->' (have 'TIM_HandleTypeDef')
 1389 |   (((__CHANNEL__) == TIM_CHANNEL_1) ? ((__HANDLE__)->Instance->CCR1 = (__COMPARE__)) :\
      |                                                    ^~
../Core/Src/main.c:451:2: note: in expansion of macro '__HAL_TIM_SET_COMPARE'
  451 |  __HAL_TIM_SET_COMPARE(htim3, TIM CHANNEL 4, crr val);
      |  ^~~~~~~~~~~~~~~~~~~~~
../Core/Src/main.c:451:46: error: 'crr' undeclared (first use in this function)
  451 |  __HAL_TIM_SET_COMPARE(htim3, TIM CHANNEL 4, crr val);
      |                                              ^~~
../Drivers/STM32F0xx_HAL_Driver/Inc/stm32f0xx_hal_tim.h:1389:72: note: in definition of macro '__HAL_TIM_SET_COMPARE'
 1389 |   (((__CHANNEL__) == TIM_CHANNEL_1) ? ((__HANDLE__)->Instance->CCR1 = (__COMPARE__)) :\
      |                                                                        ^~~~~~~~~~~
../Core/Src/main.c:451:50: error: expected ')' before 'val'
  451 |  __HAL_TIM_SET_COMPARE(htim3, TIM CHANNEL 4, crr val);
      |                                                  ^~~
../Drivers/STM32F0xx_HAL_Driver/Inc/stm32f0xx_hal_tim.h:1389:72: note: in definition of macro '__HAL_TIM_SET_COMPARE'
 1389 |   (((__CHANNEL__) == TIM_CHANNEL_1) ? ((__HANDLE__)->Instance->CCR1 = (__COMPARE__)) :\
      |                                                                        ^~~~~~~~~~~
../Drivers/STM32F0xx_HAL_Driver/Inc/stm32f0xx_hal_tim.h:1389:71: note: to match this '('
 1389 |   (((__CHANNEL__) == TIM_CHANNEL_1) ? ((__HANDLE__)->Instance->CCR1 = (__COMPARE__)) :\
      |                                                                       ^
../Core/Src/main.c:451:2: note: in expansion of macro '__HAL_TIM_SET_COMPARE'
  451 |  __HAL_TIM_SET_COMPARE(htim3, TIM CHANNEL 4, crr val);
      |  ^~~~~~~~~~~~~~~~~~~~~
../Core/Src/main.c:451:35: error: expected ')' before 'CHANNEL'
  451 |  __HAL_TIM_SET_COMPARE(htim3, TIM CHANNEL 4, crr val);
      |                                   ^~~~~~~
../Drivers/STM32F0xx_HAL_Driver/Inc/stm32f0xx_hal_tim.h:1390:6: note: in definition of macro '__HAL_TIM_SET_COMPARE'
 1390 |    ((__CHANNEL__) == TIM_CHANNEL_2) ? ((__HANDLE__)->Instance->CCR2 = (__COMPARE__)) :\
      |      ^~~~~~~~~~~
../Drivers/STM32F0xx_HAL_Driver/Inc/stm32f0xx_hal_tim.h:1390:5: note: to match this '('
 1390 |    ((__CHANNEL__) == TIM_CHANNEL_2) ? ((__HANDLE__)->Instance->CCR2 = (__COMPARE__)) :\
      |     ^
../Core/Src/main.c:451:2: note: in expansion of macro '__HAL_TIM_SET_COMPARE'
  451 |  __HAL_TIM_SET_COMPARE(htim3, TIM CHANNEL 4, crr val);
      |  ^~~~~~~~~~~~~~~~~~~~~
../Drivers/STM32F0xx_HAL_Driver/Inc/stm32f0xx_hal_tim.h:1390:52: error: invalid type argument of '->' (have 'TIM_HandleTypeDef')
 1390 |    ((__CHANNEL__) == TIM_CHANNEL_2) ? ((__HANDLE__)->Instance->CCR2 = (__COMPARE__)) :\
      |                                                    ^~
../Core/Src/main.c:451:2: note: in expansion of macro '__HAL_TIM_SET_COMPARE'
  451 |  __HAL_TIM_SET_COMPARE(htim3, TIM CHANNEL 4, crr val);
      |  ^~~~~~~~~~~~~~~~~~~~~
../Core/Src/main.c:451:50: error: expected ')' before 'val'
  451 |  __HAL_TIM_SET_COMPARE(htim3, TIM CHANNEL 4, crr val);
      |                                                  ^~~
../Drivers/STM32F0xx_HAL_Driver/Inc/stm32f0xx_hal_tim.h:1390:72: note: in definition of macro '__HAL_TIM_SET_COMPARE'
 1390 |    ((__CHANNEL__) == TIM_CHANNEL_2) ? ((__HANDLE__)->Instance->CCR2 = (__COMPARE__)) :\
      |                                                                        ^~~~~~~~~~~
../Drivers/STM32F0xx_HAL_Driver/Inc/stm32f0xx_hal_tim.h:1390:71: note: to match this '('
 1390 |    ((__CHANNEL__) == TIM_CHANNEL_2) ? ((__HANDLE__)->Instance->CCR2 = (__COMPARE__)) :\
      |                                                                       ^
../Core/Src/main.c:451:2: note: in expansion of macro '__HAL_TIM_SET_COMPARE'
  451 |  __HAL_TIM_SET_COMPARE(htim3, TIM CHANNEL 4, crr val);
      |  ^~~~~~~~~~~~~~~~~~~~~
../Core/Src/main.c:451:35: error: expected ')' before 'CHANNEL'
  451 |  __HAL_TIM_SET_COMPARE(htim3, TIM CHANNEL 4, crr val);
      |                                   ^~~~~~~
../Drivers/STM32F0xx_HAL_Driver/Inc/stm32f0xx_hal_tim.h:1391:6: note: in definition of macro '__HAL_TIM_SET_COMPARE'
 1391 |    ((__CHANNEL__) == TIM_CHANNEL_3) ? ((__HANDLE__)->Instance->CCR3 = (__COMPARE__)) :\
      |      ^~~~~~~~~~~
../Drivers/STM32F0xx_HAL_Driver/Inc/stm32f0xx_hal_tim.h:1391:5: note: to match this '('
 1391 |    ((__CHANNEL__) == TIM_CHANNEL_3) ? ((__HANDLE__)->Instance->CCR3 = (__COMPARE__)) :\
      |     ^
../Core/Src/main.c:451:2: note: in expansion of macro '__HAL_TIM_SET_COMPARE'
  451 |  __HAL_TIM_SET_COMPARE(htim3, TIM CHANNEL 4, crr val);
      |  ^~~~~~~~~~~~~~~~~~~~~
../Drivers/STM32F0xx_HAL_Driver/Inc/stm32f0xx_hal_tim.h:1391:52: error: invalid type argument of '->' (have 'TIM_HandleTypeDef')
 1391 |    ((__CHANNEL__) == TIM_CHANNEL_3) ? ((__HANDLE__)->Instance->CCR3 = (__COMPARE__)) :\
      |                                                    ^~
../Core/Src/main.c:451:2: note: in expansion of macro '__HAL_TIM_SET_COMPARE'
  451 |  __HAL_TIM_SET_COMPARE(htim3, TIM CHANNEL 4, crr val);
      |  ^~~~~~~~~~~~~~~~~~~~~
../Core/Src/main.c:451:50: error: expected ')' before 'val'
  451 |  __HAL_TIM_SET_COMPARE(htim3, TIM CHANNEL 4, crr val);
      |                                                  ^~~
../Drivers/STM32F0xx_HAL_Driver/Inc/stm32f0xx_hal_tim.h:1391:72: note: in definition of macro '__HAL_TIM_SET_COMPARE'
 1391 |    ((__CHANNEL__) == TIM_CHANNEL_3) ? ((__HANDLE__)->Instance->CCR3 = (__COMPARE__)) :\
      |                                                                        ^~~~~~~~~~~
../Drivers/STM32F0xx_HAL_Driver/Inc/stm32f0xx_hal_tim.h:1391:71: note: to match this '('
 1391 |    ((__CHANNEL__) == TIM_CHANNEL_3) ? ((__HANDLE__)->Instance->CCR3 = (__COMPARE__)) :\
      |                                                                       ^
../Core/Src/main.c:451:2: note: in expansion of macro '__HAL_TIM_SET_COMPARE'
  451 |  __HAL_TIM_SET_COMPARE(htim3, TIM CHANNEL 4, crr val);
      |  ^~~~~~~~~~~~~~~~~~~~~
../Drivers/STM32F0xx_HAL_Driver/Inc/stm32f0xx_hal_tim.h:1392:17: error: invalid type argument of '->' (have 'TIM_HandleTypeDef')
 1392 |    ((__HANDLE__)->Instance->CCR4 = (__COMPARE__)))
      |                 ^~
../Core/Src/main.c:451:2: note: in expansion of macro '__HAL_TIM_SET_COMPARE'
  451 |  __HAL_TIM_SET_COMPARE(htim3, TIM CHANNEL 4, crr val);
      |  ^~~~~~~~~~~~~~~~~~~~~
../Core/Src/main.c:451:50: error: expected ')' before 'val'
  451 |  __HAL_TIM_SET_COMPARE(htim3, TIM CHANNEL 4, crr val);
      |                                                  ^~~
../Drivers/STM32F0xx_HAL_Driver/Inc/stm32f0xx_hal_tim.h:1392:37: note: in definition of macro '__HAL_TIM_SET_COMPARE'
 1392 |    ((__HANDLE__)->Instance->CCR4 = (__COMPARE__)))
      |                                     ^~~~~~~~~~~
../Drivers/STM32F0xx_HAL_Driver/Inc/stm32f0xx_hal_tim.h:1392:36: note: to match this '('
 1392 |    ((__HANDLE__)->Instance->CCR4 = (__COMPARE__)))
      |                                    ^
../Core/Src/main.c:451:2: note: in expansion of macro '__HAL_TIM_SET_COMPARE'
  451 |  __HAL_TIM_SET_COMPARE(htim3, TIM CHANNEL 4, crr val);
      |  ^~~~~~~~~~~~~~~~~~~~~
make: *** [Core/Src/subdir.mk:34: Core/Src/main.o] Error 1
"make -j4 all" terminated with exit code 2. Build might be incomplete.
13:36:52 **** Incremental Build of configuration Debug for project EEE3096S_2022_Prac_3_ADCs_Interrupts_and_PWM_Student_Version ****
make -j4 all 
arm-none-eabi-gcc "../Core/Src/main.c" -mcpu=cortex-m0 -std=gnu11 -g3 -DDEBUG -DUSE_HAL_DRIVER -DSTM32F051x8 -c -I../Core/Inc -I../Drivers/STM32F0xx_HAL_Driver/Inc -I../Drivers/STM32F0xx_HAL_Driver/Inc/Legacy -I../Drivers/CMSIS/Device/ST/STM32F0xx/Include -I../Drivers/CMSIS/Include -O0 -ffunction-sections -fdata-sections -Wall -fstack-usage -MMD -MP -MF"Core/Src/main.d" -MT"Core/Src/main.o" --specs=nano.specs -mfloat-abi=soft -mthumb -o "Core/Src/main.o"
../Core/Src/main.c: In function 'main':
../Core/Src/main.c:134:4: warning: implicit declaration of function 'sprintf' [-Wimplicit-function-declaration]
  134 |    sprintf(ADCvalue, "%d \r\n", pollADC());
      |    ^~~~~~~
../Core/Src/main.c:134:4: warning: incompatible implicit declaration of built-in function 'sprintf'
../Core/Src/main.c:24:1: note: include '<stdio.h>' or provide a declaration of 'sprintf'
   23 | #include "main.h"
  +++ |+#include <stdio.h>
   24 | 
../Core/Src/main.c:134:24: warning: format '%d' expects argument of type 'int', but argument 3 has type 'uint32_t' {aka 'long unsigned int'} [-Wformat=]
  134 |    sprintf(ADCvalue, "%d \r\n", pollADC());
      |                       ~^        ~~~~~~~~~
      |                        |        |
      |                        int      uint32_t {aka long unsigned int}
      |                       %ld
../Core/Src/main.c:135:31: warning: pointer targets in passing argument 2 of 'HAL_UART_Transmit' differ in signedness [-Wpointer-sign]
  135 |    HAL_UART_Transmit(&huart2, ADCvalue, sizeof(ADCvalue), 1000);
      |                               ^~~~~~~~
      |                               |
      |                               char *
In file included from ../Core/Inc/stm32f0xx_hal_conf.h:289,
                 from ../Drivers/STM32F0xx_HAL_Driver/Inc/stm32f0xx_hal.h:30,
                 from ../Core/Inc/main.h:30,
                 from ../Core/Src/main.c:23:
../Drivers/STM32F0xx_HAL_Driver/Inc/stm32f0xx_hal_uart.h:1528:73: note: expected 'uint8_t *' {aka 'unsigned char *'} but argument is of type 'char *'
 1528 | HAL_StatusTypeDef HAL_UART_Transmit(UART_HandleTypeDef *huart, uint8_t *pData, uint16_t Size, uint32_t Timeout);
      |                                                                ~~~~~~~~~^~~~~
../Core/Src/main.c:139:24: warning: format '%d' expects argument of type 'int', but argument 3 has type 'uint32_t' {aka 'long unsigned int'} [-Wformat=]
  139 |    sprintf(CRRvalue, "%d \r\n", ADCtoCRR(pollADC()));
      |                       ~^        ~~~~~~~~~~~~~~~~~~~
      |                        |        |
      |                        int      uint32_t {aka long unsigned int}
      |                       %ld
../Core/Src/main.c:140:31: warning: pointer targets in passing argument 2 of 'HAL_UART_Transmit' differ in signedness [-Wpointer-sign]
  140 |    HAL_UART_Transmit(&huart2, CRRvalue, sizeof(CRRvalue), 1000);
      |                               ^~~~~~~~
      |                               |
      |                               char *
In file included from ../Core/Inc/stm32f0xx_hal_conf.h:289,
                 from ../Drivers/STM32F0xx_HAL_Driver/Inc/stm32f0xx_hal.h:30,
                 from ../Core/Inc/main.h:30,
                 from ../Core/Src/main.c:23:
../Drivers/STM32F0xx_HAL_Driver/Inc/stm32f0xx_hal_uart.h:1528:73: note: expected 'uint8_t *' {aka 'unsigned char *'} but argument is of type 'char *'
 1528 | HAL_StatusTypeDef HAL_UART_Transmit(UART_HandleTypeDef *huart, uint8_t *pData, uint16_t Size, uint32_t Timeout);
      |                                                                ~~~~~~~~~^~~~~
In file included from ../Core/Inc/stm32f0xx_hal_conf.h:281,
                 from ../Drivers/STM32F0xx_HAL_Driver/Inc/stm32f0xx_hal.h:30,
                 from ../Core/Inc/main.h:30,
                 from ../Core/Src/main.c:23:
../Core/Src/main.c: In function 'ADCtoCRR':
../Core/Src/main.c:451:32: error: 'TIM' undeclared (first use in this function); did you mean 'TIM1'?
  451 |  __HAL_TIM_SET_COMPARE(&htim3, TIM CHANNEL 4, crr val);
      |                                ^~~
../Drivers/STM32F0xx_HAL_Driver/Inc/stm32f0xx_hal_tim.h:1389:6: note: in definition of macro '__HAL_TIM_SET_COMPARE'
 1389 |   (((__CHANNEL__) == TIM_CHANNEL_1) ? ((__HANDLE__)->Instance->CCR1 = (__COMPARE__)) :\
      |      ^~~~~~~~~~~
../Core/Src/main.c:451:32: note: each undeclared identifier is reported only once for each function it appears in
  451 |  __HAL_TIM_SET_COMPARE(&htim3, TIM CHANNEL 4, crr val);
      |                                ^~~
../Drivers/STM32F0xx_HAL_Driver/Inc/stm32f0xx_hal_tim.h:1389:6: note: in definition of macro '__HAL_TIM_SET_COMPARE'
 1389 |   (((__CHANNEL__) == TIM_CHANNEL_1) ? ((__HANDLE__)->Instance->CCR1 = (__COMPARE__)) :\
      |      ^~~~~~~~~~~
../Core/Src/main.c:451:36: error: expected ')' before 'CHANNEL'
  451 |  __HAL_TIM_SET_COMPARE(&htim3, TIM CHANNEL 4, crr val);
      |                                    ^~~~~~~
../Drivers/STM32F0xx_HAL_Driver/Inc/stm32f0xx_hal_tim.h:1389:6: note: in definition of macro '__HAL_TIM_SET_COMPARE'
 1389 |   (((__CHANNEL__) == TIM_CHANNEL_1) ? ((__HANDLE__)->Instance->CCR1 = (__COMPARE__)) :\
      |      ^~~~~~~~~~~
../Drivers/STM32F0xx_HAL_Driver/Inc/stm32f0xx_hal_tim.h:1389:5: note: to match this '('
 1389 |   (((__CHANNEL__) == TIM_CHANNEL_1) ? ((__HANDLE__)->Instance->CCR1 = (__COMPARE__)) :\
      |     ^
../Core/Src/main.c:451:2: note: in expansion of macro '__HAL_TIM_SET_COMPARE'
  451 |  __HAL_TIM_SET_COMPARE(&htim3, TIM CHANNEL 4, crr val);
      |  ^~~~~~~~~~~~~~~~~~~~~
../Core/Src/main.c:451:47: error: 'crr' undeclared (first use in this function)
  451 |  __HAL_TIM_SET_COMPARE(&htim3, TIM CHANNEL 4, crr val);
      |                                               ^~~
../Drivers/STM32F0xx_HAL_Driver/Inc/stm32f0xx_hal_tim.h:1389:72: note: in definition of macro '__HAL_TIM_SET_COMPARE'
 1389 |   (((__CHANNEL__) == TIM_CHANNEL_1) ? ((__HANDLE__)->Instance->CCR1 = (__COMPARE__)) :\
      |                                                                        ^~~~~~~~~~~
../Core/Src/main.c:451:51: error: expected ')' before 'val'
  451 |  __HAL_TIM_SET_COMPARE(&htim3, TIM CHANNEL 4, crr val);
      |                                                   ^~~
../Drivers/STM32F0xx_HAL_Driver/Inc/stm32f0xx_hal_tim.h:1389:72: note: in definition of macro '__HAL_TIM_SET_COMPARE'
 1389 |   (((__CHANNEL__) == TIM_CHANNEL_1) ? ((__HANDLE__)->Instance->CCR1 = (__COMPARE__)) :\
      |                                                                        ^~~~~~~~~~~
../Drivers/STM32F0xx_HAL_Driver/Inc/stm32f0xx_hal_tim.h:1389:71: note: to match this '('
 1389 |   (((__CHANNEL__) == TIM_CHANNEL_1) ? ((__HANDLE__)->Instance->CCR1 = (__COMPARE__)) :\
      |                                                                       ^
../Core/Src/main.c:451:2: note: in expansion of macro '__HAL_TIM_SET_COMPARE'
  451 |  __HAL_TIM_SET_COMPARE(&htim3, TIM CHANNEL 4, crr val);
      |  ^~~~~~~~~~~~~~~~~~~~~
../Core/Src/main.c:451:36: error: expected ')' before 'CHANNEL'
  451 |  __HAL_TIM_SET_COMPARE(&htim3, TIM CHANNEL 4, crr val);
      |                                    ^~~~~~~
../Drivers/STM32F0xx_HAL_Driver/Inc/stm32f0xx_hal_tim.h:1390:6: note: in definition of macro '__HAL_TIM_SET_COMPARE'
 1390 |    ((__CHANNEL__) == TIM_CHANNEL_2) ? ((__HANDLE__)->Instance->CCR2 = (__COMPARE__)) :\
      |      ^~~~~~~~~~~
../Drivers/STM32F0xx_HAL_Driver/Inc/stm32f0xx_hal_tim.h:1390:5: note: to match this '('
 1390 |    ((__CHANNEL__) == TIM_CHANNEL_2) ? ((__HANDLE__)->Instance->CCR2 = (__COMPARE__)) :\
      |     ^
../Core/Src/main.c:451:2: note: in expansion of macro '__HAL_TIM_SET_COMPARE'
  451 |  __HAL_TIM_SET_COMPARE(&htim3, TIM CHANNEL 4, crr val);
      |  ^~~~~~~~~~~~~~~~~~~~~
../Core/Src/main.c:451:51: error: expected ')' before 'val'
  451 |  __HAL_TIM_SET_COMPARE(&htim3, TIM CHANNEL 4, crr val);
      |                                                   ^~~
../Drivers/STM32F0xx_HAL_Driver/Inc/stm32f0xx_hal_tim.h:1390:72: note: in definition of macro '__HAL_TIM_SET_COMPARE'
 1390 |    ((__CHANNEL__) == TIM_CHANNEL_2) ? ((__HANDLE__)->Instance->CCR2 = (__COMPARE__)) :\
      |                                                                        ^~~~~~~~~~~
../Drivers/STM32F0xx_HAL_Driver/Inc/stm32f0xx_hal_tim.h:1390:71: note: to match this '('
 1390 |    ((__CHANNEL__) == TIM_CHANNEL_2) ? ((__HANDLE__)->Instance->CCR2 = (__COMPARE__)) :\
      |                                                                       ^
../Core/Src/main.c:451:2: note: in expansion of macro '__HAL_TIM_SET_COMPARE'
  451 |  __HAL_TIM_SET_COMPARE(&htim3, TIM CHANNEL 4, crr val);
      |  ^~~~~~~~~~~~~~~~~~~~~
../Core/Src/main.c:451:36: error: expected ')' before 'CHANNEL'
  451 |  __HAL_TIM_SET_COMPARE(&htim3, TIM CHANNEL 4, crr val);
      |                                    ^~~~~~~
../Drivers/STM32F0xx_HAL_Driver/Inc/stm32f0xx_hal_tim.h:1391:6: note: in definition of macro '__HAL_TIM_SET_COMPARE'
 1391 |    ((__CHANNEL__) == TIM_CHANNEL_3) ? ((__HANDLE__)->Instance->CCR3 = (__COMPARE__)) :\
      |      ^~~~~~~~~~~
../Drivers/STM32F0xx_HAL_Driver/Inc/stm32f0xx_hal_tim.h:1391:5: note: to match this '('
 1391 |    ((__CHANNEL__) == TIM_CHANNEL_3) ? ((__HANDLE__)->Instance->CCR3 = (__COMPARE__)) :\
      |     ^
../Core/Src/main.c:451:2: note: in expansion of macro '__HAL_TIM_SET_COMPARE'
  451 |  __HAL_TIM_SET_COMPARE(&htim3, TIM CHANNEL 4, crr val);
      |  ^~~~~~~~~~~~~~~~~~~~~
../Core/Src/main.c:451:51: error: expected ')' before 'val'
  451 |  __HAL_TIM_SET_COMPARE(&htim3, TIM CHANNEL 4, crr val);
      |                                                   ^~~
../Drivers/STM32F0xx_HAL_Driver/Inc/stm32f0xx_hal_tim.h:1391:72: note: in definition of macro '__HAL_TIM_SET_COMPARE'
 1391 |    ((__CHANNEL__) == TIM_CHANNEL_3) ? ((__HANDLE__)->Instance->CCR3 = (__COMPARE__)) :\
      |                                                                        ^~~~~~~~~~~
../Drivers/STM32F0xx_HAL_Driver/Inc/stm32f0xx_hal_tim.h:1391:71: note: to match this '('
 1391 |    ((__CHANNEL__) == TIM_CHANNEL_3) ? ((__HANDLE__)->Instance->CCR3 = (__COMPARE__)) :\
      |                                                                       ^
../Core/Src/main.c:451:2: note: in expansion of macro '__HAL_TIM_SET_COMPARE'
  451 |  __HAL_TIM_SET_COMPARE(&htim3, TIM CHANNEL 4, crr val);
      |  ^~~~~~~~~~~~~~~~~~~~~
../Core/Src/main.c:451:51: error: expected ')' before 'val'
  451 |  __HAL_TIM_SET_COMPARE(&htim3, TIM CHANNEL 4, crr val);
      |                                                   ^~~
../Drivers/STM32F0xx_HAL_Driver/Inc/stm32f0xx_hal_tim.h:1392:37: note: in definition of macro '__HAL_TIM_SET_COMPARE'
 1392 |    ((__HANDLE__)->Instance->CCR4 = (__COMPARE__)))
      |                                     ^~~~~~~~~~~
../Drivers/STM32F0xx_HAL_Driver/Inc/stm32f0xx_hal_tim.h:1392:36: note: to match this '('
 1392 |    ((__HANDLE__)->Instance->CCR4 = (__COMPARE__)))
      |                                    ^
../Core/Src/main.c:451:2: note: in expansion of macro '__HAL_TIM_SET_COMPARE'
  451 |  __HAL_TIM_SET_COMPARE(&htim3, TIM CHANNEL 4, crr val);
      |  ^~~~~~~~~~~~~~~~~~~~~
make: *** [Core/Src/subdir.mk:34: Core/Src/main.o] Error 1
"make -j4 all" terminated with exit code 2. Build might be incomplete.
13:41:51 **** Incremental Build of configuration Debug for project EEE3096S_2022_Prac_3_ADCs_Interrupts_and_PWM_Student_Version ****
make -j4 all 
arm-none-eabi-gcc "../Core/Src/main.c" -mcpu=cortex-m0 -std=gnu11 -g3 -DDEBUG -DUSE_HAL_DRIVER -DSTM32F051x8 -c -I../Core/Inc -I../Drivers/STM32F0xx_HAL_Driver/Inc -I../Drivers/STM32F0xx_HAL_Driver/Inc/Legacy -I../Drivers/CMSIS/Device/ST/STM32F0xx/Include -I../Drivers/CMSIS/Include -O0 -ffunction-sections -fdata-sections -Wall -fstack-usage -MMD -MP -MF"Core/Src/main.d" -MT"Core/Src/main.o" --specs=nano.specs -mfloat-abi=soft -mthumb -o "Core/Src/main.o"
../Core/Src/main.c: In function 'main':
../Core/Src/main.c:134:4: warning: implicit declaration of function 'sprintf' [-Wimplicit-function-declaration]
  134 |    sprintf(ADCvalue, "%d \r\n", pollADC());
      |    ^~~~~~~
../Core/Src/main.c:134:4: warning: incompatible implicit declaration of built-in function 'sprintf'
../Core/Src/main.c:24:1: note: include '<stdio.h>' or provide a declaration of 'sprintf'
   23 | #include "main.h"
  +++ |+#include <stdio.h>
   24 | 
../Core/Src/main.c:134:24: warning: format '%d' expects argument of type 'int', but argument 3 has type 'uint32_t' {aka 'long unsigned int'} [-Wformat=]
  134 |    sprintf(ADCvalue, "%d \r\n", pollADC());
      |                       ~^        ~~~~~~~~~
      |                        |        |
      |                        int      uint32_t {aka long unsigned int}
      |                       %ld
../Core/Src/main.c:135:31: warning: pointer targets in passing argument 2 of 'HAL_UART_Transmit' differ in signedness [-Wpointer-sign]
  135 |    HAL_UART_Transmit(&huart2, ADCvalue, sizeof(ADCvalue), 1000);
      |                               ^~~~~~~~
      |                               |
      |                               char *
In file included from ../Core/Inc/stm32f0xx_hal_conf.h:289,
                 from ../Drivers/STM32F0xx_HAL_Driver/Inc/stm32f0xx_hal.h:30,
                 from ../Core/Inc/main.h:30,
                 from ../Core/Src/main.c:23:
../Drivers/STM32F0xx_HAL_Driver/Inc/stm32f0xx_hal_uart.h:1528:73: note: expected 'uint8_t *' {aka 'unsigned char *'} but argument is of type 'char *'
 1528 | HAL_StatusTypeDef HAL_UART_Transmit(UART_HandleTypeDef *huart, uint8_t *pData, uint16_t Size, uint32_t Timeout);
      |                                                                ~~~~~~~~~^~~~~
../Core/Src/main.c:139:24: warning: format '%d' expects argument of type 'int', but argument 3 has type 'uint32_t' {aka 'long unsigned int'} [-Wformat=]
  139 |    sprintf(CRRvalue, "%d \r\n", ADCtoCRR(pollADC()));
      |                       ~^        ~~~~~~~~~~~~~~~~~~~
      |                        |        |
      |                        int      uint32_t {aka long unsigned int}
      |                       %ld
../Core/Src/main.c:140:31: warning: pointer targets in passing argument 2 of 'HAL_UART_Transmit' differ in signedness [-Wpointer-sign]
  140 |    HAL_UART_Transmit(&huart2, CRRvalue, sizeof(CRRvalue), 1000);
      |                               ^~~~~~~~
      |                               |
      |                               char *
In file included from ../Core/Inc/stm32f0xx_hal_conf.h:289,
                 from ../Drivers/STM32F0xx_HAL_Driver/Inc/stm32f0xx_hal.h:30,
                 from ../Core/Inc/main.h:30,
                 from ../Core/Src/main.c:23:
../Drivers/STM32F0xx_HAL_Driver/Inc/stm32f0xx_hal_uart.h:1528:73: note: expected 'uint8_t *' {aka 'unsigned char *'} but argument is of type 'char *'
 1528 | HAL_StatusTypeDef HAL_UART_Transmit(UART_HandleTypeDef *huart, uint8_t *pData, uint16_t Size, uint32_t Timeout);
      |                                                                ~~~~~~~~~^~~~~
In file included from ../Core/Inc/stm32f0xx_hal_conf.h:281,
                 from ../Drivers/STM32F0xx_HAL_Driver/Inc/stm32f0xx_hal.h:30,
                 from ../Core/Inc/main.h:30,
                 from ../Core/Src/main.c:23:
../Core/Src/main.c: In function 'ADCtoCRR':
../Core/Src/main.c:451:32: error: 'TIM' undeclared (first use in this function); did you mean 'TIM1'?
  451 |  __HAL_TIM_SET_COMPARE(&htim3, TIM CHANNEL 4, crr_val);
      |                                ^~~
../Drivers/STM32F0xx_HAL_Driver/Inc/stm32f0xx_hal_tim.h:1389:6: note: in definition of macro '__HAL_TIM_SET_COMPARE'
 1389 |   (((__CHANNEL__) == TIM_CHANNEL_1) ? ((__HANDLE__)->Instance->CCR1 = (__COMPARE__)) :\
      |      ^~~~~~~~~~~
../Core/Src/main.c:451:32: note: each undeclared identifier is reported only once for each function it appears in
  451 |  __HAL_TIM_SET_COMPARE(&htim3, TIM CHANNEL 4, crr_val);
      |                                ^~~
../Drivers/STM32F0xx_HAL_Driver/Inc/stm32f0xx_hal_tim.h:1389:6: note: in definition of macro '__HAL_TIM_SET_COMPARE'
 1389 |   (((__CHANNEL__) == TIM_CHANNEL_1) ? ((__HANDLE__)->Instance->CCR1 = (__COMPARE__)) :\
      |      ^~~~~~~~~~~
../Core/Src/main.c:451:36: error: expected ')' before 'CHANNEL'
  451 |  __HAL_TIM_SET_COMPARE(&htim3, TIM CHANNEL 4, crr_val);
      |                                    ^~~~~~~
../Drivers/STM32F0xx_HAL_Driver/Inc/stm32f0xx_hal_tim.h:1389:6: note: in definition of macro '__HAL_TIM_SET_COMPARE'
 1389 |   (((__CHANNEL__) == TIM_CHANNEL_1) ? ((__HANDLE__)->Instance->CCR1 = (__COMPARE__)) :\
      |      ^~~~~~~~~~~
../Drivers/STM32F0xx_HAL_Driver/Inc/stm32f0xx_hal_tim.h:1389:5: note: to match this '('
 1389 |   (((__CHANNEL__) == TIM_CHANNEL_1) ? ((__HANDLE__)->Instance->CCR1 = (__COMPARE__)) :\
      |     ^
../Core/Src/main.c:451:2: note: in expansion of macro '__HAL_TIM_SET_COMPARE'
  451 |  __HAL_TIM_SET_COMPARE(&htim3, TIM CHANNEL 4, crr_val);
      |  ^~~~~~~~~~~~~~~~~~~~~
../Core/Src/main.c:451:36: error: expected ')' before 'CHANNEL'
  451 |  __HAL_TIM_SET_COMPARE(&htim3, TIM CHANNEL 4, crr_val);
      |                                    ^~~~~~~
../Drivers/STM32F0xx_HAL_Driver/Inc/stm32f0xx_hal_tim.h:1390:6: note: in definition of macro '__HAL_TIM_SET_COMPARE'
 1390 |    ((__CHANNEL__) == TIM_CHANNEL_2) ? ((__HANDLE__)->Instance->CCR2 = (__COMPARE__)) :\
      |      ^~~~~~~~~~~
../Drivers/STM32F0xx_HAL_Driver/Inc/stm32f0xx_hal_tim.h:1390:5: note: to match this '('
 1390 |    ((__CHANNEL__) == TIM_CHANNEL_2) ? ((__HANDLE__)->Instance->CCR2 = (__COMPARE__)) :\
      |     ^
../Core/Src/main.c:451:2: note: in expansion of macro '__HAL_TIM_SET_COMPARE'
  451 |  __HAL_TIM_SET_COMPARE(&htim3, TIM CHANNEL 4, crr_val);
      |  ^~~~~~~~~~~~~~~~~~~~~
../Core/Src/main.c:451:36: error: expected ')' before 'CHANNEL'
  451 |  __HAL_TIM_SET_COMPARE(&htim3, TIM CHANNEL 4, crr_val);
      |                                    ^~~~~~~
../Drivers/STM32F0xx_HAL_Driver/Inc/stm32f0xx_hal_tim.h:1391:6: note: in definition of macro '__HAL_TIM_SET_COMPARE'
 1391 |    ((__CHANNEL__) == TIM_CHANNEL_3) ? ((__HANDLE__)->Instance->CCR3 = (__COMPARE__)) :\
      |      ^~~~~~~~~~~
../Drivers/STM32F0xx_HAL_Driver/Inc/stm32f0xx_hal_tim.h:1391:5: note: to match this '('
 1391 |    ((__CHANNEL__) == TIM_CHANNEL_3) ? ((__HANDLE__)->Instance->CCR3 = (__COMPARE__)) :\
      |     ^
../Core/Src/main.c:451:2: note: in expansion of macro '__HAL_TIM_SET_COMPARE'
  451 |  __HAL_TIM_SET_COMPARE(&htim3, TIM CHANNEL 4, crr_val);
      |  ^~~~~~~~~~~~~~~~~~~~~
make: *** [Core/Src/subdir.mk:34: Core/Src/main.o] Error 1
"make -j4 all" terminated with exit code 2. Build might be incomplete.
13:42:31 **** Incremental Build of configuration Debug for project EEE3096S_2022_Prac_3_ADCs_Interrupts_and_PWM_Student_Version ****
make -j4 all 
arm-none-eabi-gcc "../Core/Src/main.c" -mcpu=cortex-m0 -std=gnu11 -g3 -DDEBUG -DUSE_HAL_DRIVER -DSTM32F051x8 -c -I../Core/Inc -I../Drivers/STM32F0xx_HAL_Driver/Inc -I../Drivers/STM32F0xx_HAL_Driver/Inc/Legacy -I../Drivers/CMSIS/Device/ST/STM32F0xx/Include -I../Drivers/CMSIS/Include -O0 -ffunction-sections -fdata-sections -Wall -fstack-usage -MMD -MP -MF"Core/Src/main.d" -MT"Core/Src/main.o" --specs=nano.specs -mfloat-abi=soft -mthumb -o "Core/Src/main.o"
../Core/Src/main.c: In function 'main':
../Core/Src/main.c:134:4: warning: implicit declaration of function 'sprintf' [-Wimplicit-function-declaration]
  134 |    sprintf(ADCvalue, "%d \r\n", pollADC());
      |    ^~~~~~~
../Core/Src/main.c:134:4: warning: incompatible implicit declaration of built-in function 'sprintf'
../Core/Src/main.c:24:1: note: include '<stdio.h>' or provide a declaration of 'sprintf'
   23 | #include "main.h"
  +++ |+#include <stdio.h>
   24 | 
../Core/Src/main.c:134:24: warning: format '%d' expects argument of type 'int', but argument 3 has type 'uint32_t' {aka 'long unsigned int'} [-Wformat=]
  134 |    sprintf(ADCvalue, "%d \r\n", pollADC());
      |                       ~^        ~~~~~~~~~
      |                        |        |
      |                        int      uint32_t {aka long unsigned int}
      |                       %ld
../Core/Src/main.c:135:31: warning: pointer targets in passing argument 2 of 'HAL_UART_Transmit' differ in signedness [-Wpointer-sign]
  135 |    HAL_UART_Transmit(&huart2, ADCvalue, sizeof(ADCvalue), 1000);
      |                               ^~~~~~~~
      |                               |
      |                               char *
In file included from ../Core/Inc/stm32f0xx_hal_conf.h:289,
                 from ../Drivers/STM32F0xx_HAL_Driver/Inc/stm32f0xx_hal.h:30,
                 from ../Core/Inc/main.h:30,
                 from ../Core/Src/main.c:23:
../Drivers/STM32F0xx_HAL_Driver/Inc/stm32f0xx_hal_uart.h:1528:73: note: expected 'uint8_t *' {aka 'unsigned char *'} but argument is of type 'char *'
 1528 | HAL_StatusTypeDef HAL_UART_Transmit(UART_HandleTypeDef *huart, uint8_t *pData, uint16_t Size, uint32_t Timeout);
      |                                                                ~~~~~~~~~^~~~~
../Core/Src/main.c:139:24: warning: format '%d' expects argument of type 'int', but argument 3 has type 'uint32_t' {aka 'long unsigned int'} [-Wformat=]
  139 |    sprintf(CRRvalue, "%d \r\n", ADCtoCRR(pollADC()));
      |                       ~^        ~~~~~~~~~~~~~~~~~~~
      |                        |        |
      |                        int      uint32_t {aka long unsigned int}
      |                       %ld
../Core/Src/main.c:140:31: warning: pointer targets in passing argument 2 of 'HAL_UART_Transmit' differ in signedness [-Wpointer-sign]
  140 |    HAL_UART_Transmit(&huart2, CRRvalue, sizeof(CRRvalue), 1000);
      |                               ^~~~~~~~
      |                               |
      |                               char *
In file included from ../Core/Inc/stm32f0xx_hal_conf.h:289,
                 from ../Drivers/STM32F0xx_HAL_Driver/Inc/stm32f0xx_hal.h:30,
                 from ../Core/Inc/main.h:30,
                 from ../Core/Src/main.c:23:
../Drivers/STM32F0xx_HAL_Driver/Inc/stm32f0xx_hal_uart.h:1528:73: note: expected 'uint8_t *' {aka 'unsigned char *'} but argument is of type 'char *'
 1528 | HAL_StatusTypeDef HAL_UART_Transmit(UART_HandleTypeDef *huart, uint8_t *pData, uint16_t Size, uint32_t Timeout);
      |                                                                ~~~~~~~~~^~~~~
arm-none-eabi-gcc -o "EEE3096S_2022_Prac_3_ADCs_Interrupts_and_PWM_Student_Version.elf" @"objects.list"   -mcpu=cortex-m0 -T"C:\Users\PC-USER\OneDrive\UCT YEAR 3\EEE3096S\Practicals\Prac 3\WorkPackage3\EEE3096S_2022_Prac_3_ADCs_Interrupts_and_PWM_Student_Version\STM32F051R8TX_FLASH.ld" --specs=nosys.specs -Wl,-Map="EEE3096S_2022_Prac_3_ADCs_Interrupts_and_PWM_Student_Version.map" -Wl,--gc-sections -static --specs=nano.specs -mfloat-abi=soft -mthumb -Wl,--start-group -lc -lm -Wl,--end-group
Finished building target: EEE3096S_2022_Prac_3_ADCs_Interrupts_and_PWM_Student_Version.elf
 
arm-none-eabi-size   EEE3096S_2022_Prac_3_ADCs_Interrupts_and_PWM_Student_Version.elf 
arm-none-eabi-objdump -h -S  EEE3096S_2022_Prac_3_ADCs_Interrupts_and_PWM_Student_Version.elf  > "EEE3096S_2022_Prac_3_ADCs_Interrupts_and_PWM_Student_Version.list"
   text	   data	    bss	    dec	    hex	filename
  19980	    124	   1996	  22100	   5654	EEE3096S_2022_Prac_3_ADCs_Interrupts_and_PWM_Student_Version.elf
Finished building: default.size.stdout
 
Finished building: EEE3096S_2022_Prac_3_ADCs_Interrupts_and_PWM_Student_Version.list
 
13:46:01 **** Incremental Build of configuration Debug for project EEE3096S_2022_Prac_3_ADCs_Interrupts_and_PWM_Student_Version ****
make -j4 all 
arm-none-eabi-gcc "../Core/Src/main.c" -mcpu=cortex-m0 -std=gnu11 -g3 -DDEBUG -DUSE_HAL_DRIVER -DSTM32F051x8 -c -I../Core/Inc -I../Drivers/STM32F0xx_HAL_Driver/Inc -I../Drivers/STM32F0xx_HAL_Driver/Inc/Legacy -I../Drivers/CMSIS/Device/ST/STM32F0xx/Include -I../Drivers/CMSIS/Include -O0 -ffunction-sections -fdata-sections -Wall -fstack-usage -MMD -MP -MF"Core/Src/main.d" -MT"Core/Src/main.o" --specs=nano.specs -mfloat-abi=soft -mthumb -o "Core/Src/main.o"
../Core/Src/main.c: In function 'main':
../Core/Src/main.c:134:4: warning: implicit declaration of function 'sprintf' [-Wimplicit-function-declaration]
  134 |    sprintf(ADCvalue, "%d \r\n", pollADC());
      |    ^~~~~~~
../Core/Src/main.c:134:4: warning: incompatible implicit declaration of built-in function 'sprintf'
../Core/Src/main.c:24:1: note: include '<stdio.h>' or provide a declaration of 'sprintf'
   23 | #include "main.h"
  +++ |+#include <stdio.h>
   24 | 
../Core/Src/main.c:134:24: warning: format '%d' expects argument of type 'int', but argument 3 has type 'uint32_t' {aka 'long unsigned int'} [-Wformat=]
  134 |    sprintf(ADCvalue, "%d \r\n", pollADC());
      |                       ~^        ~~~~~~~~~
      |                        |        |
      |                        int      uint32_t {aka long unsigned int}
      |                       %ld
../Core/Src/main.c:135:31: warning: pointer targets in passing argument 2 of 'HAL_UART_Transmit' differ in signedness [-Wpointer-sign]
  135 |    HAL_UART_Transmit(&huart2, ADCvalue, sizeof(ADCvalue), 1000);
      |                               ^~~~~~~~
      |                               |
      |                               char *
In file included from ../Core/Inc/stm32f0xx_hal_conf.h:289,
                 from ../Drivers/STM32F0xx_HAL_Driver/Inc/stm32f0xx_hal.h:30,
                 from ../Core/Inc/main.h:30,
                 from ../Core/Src/main.c:23:
../Drivers/STM32F0xx_HAL_Driver/Inc/stm32f0xx_hal_uart.h:1528:73: note: expected 'uint8_t *' {aka 'unsigned char *'} but argument is of type 'char *'
 1528 | HAL_StatusTypeDef HAL_UART_Transmit(UART_HandleTypeDef *huart, uint8_t *pData, uint16_t Size, uint32_t Timeout);
      |                                                                ~~~~~~~~~^~~~~
../Core/Src/main.c:139:24: warning: format '%d' expects argument of type 'int', but argument 3 has type 'uint32_t' {aka 'long unsigned int'} [-Wformat=]
  139 |    sprintf(CRRvalue, "%d \r\n", ADCtoCRR(pollADC()));
      |                       ~^        ~~~~~~~~~~~~~~~~~~~
      |                        |        |
      |                        int      uint32_t {aka long unsigned int}
      |                       %ld
../Core/Src/main.c:140:31: warning: pointer targets in passing argument 2 of 'HAL_UART_Transmit' differ in signedness [-Wpointer-sign]
  140 |    HAL_UART_Transmit(&huart2, CRRvalue, sizeof(CRRvalue), 1000);
      |                               ^~~~~~~~
      |                               |
      |                               char *
In file included from ../Core/Inc/stm32f0xx_hal_conf.h:289,
                 from ../Drivers/STM32F0xx_HAL_Driver/Inc/stm32f0xx_hal.h:30,
                 from ../Core/Inc/main.h:30,
                 from ../Core/Src/main.c:23:
../Drivers/STM32F0xx_HAL_Driver/Inc/stm32f0xx_hal_uart.h:1528:73: note: expected 'uint8_t *' {aka 'unsigned char *'} but argument is of type 'char *'
 1528 | HAL_StatusTypeDef HAL_UART_Transmit(UART_HandleTypeDef *huart, uint8_t *pData, uint16_t Size, uint32_t Timeout);
      |                                                                ~~~~~~~~~^~~~~
arm-none-eabi-gcc -o "EEE3096S_2022_Prac_3_ADCs_Interrupts_and_PWM_Student_Version.elf" @"objects.list"   -mcpu=cortex-m0 -T"C:\Users\PC-USER\OneDrive\UCT YEAR 3\EEE3096S\Practicals\Prac 3\WorkPackage3\EEE3096S_2022_Prac_3_ADCs_Interrupts_and_PWM_Student_Version\STM32F051R8TX_FLASH.ld" --specs=nosys.specs -Wl,-Map="EEE3096S_2022_Prac_3_ADCs_Interrupts_and_PWM_Student_Version.map" -Wl,--gc-sections -static --specs=nano.specs -mfloat-abi=soft -mthumb -Wl,--start-group -lc -lm -Wl,--end-group
Finished building target: EEE3096S_2022_Prac_3_ADCs_Interrupts_and_PWM_Student_Version.elf
 
arm-none-eabi-size   EEE3096S_2022_Prac_3_ADCs_Interrupts_and_PWM_Student_Version.elf 
arm-none-eabi-objdump -h -S  EEE3096S_2022_Prac_3_ADCs_Interrupts_and_PWM_Student_Version.elf  > "EEE3096S_2022_Prac_3_ADCs_Interrupts_and_PWM_Student_Version.list"
   text	   data	    bss	    dec	    hex	filename
  19980	    124	   1996	  22100	   5654	EEE3096S_2022_Prac_3_ADCs_Interrupts_and_PWM_Student_Version.elf
Finished building: default.size.stdout
 
Finished building: EEE3096S_2022_Prac_3_ADCs_Interrupts_and_PWM_Student_Version.list
 
13:47:56 **** Incremental Build of configuration Debug for project EEE3096S_2022_Prac_3_ADCs_Interrupts_and_PWM_Student_Version ****
make -j4 all 
arm-none-eabi-gcc "../Core/Src/main.c" -mcpu=cortex-m0 -std=gnu11 -g3 -DDEBUG -DUSE_HAL_DRIVER -DSTM32F051x8 -c -I../Core/Inc -I../Drivers/STM32F0xx_HAL_Driver/Inc -I../Drivers/STM32F0xx_HAL_Driver/Inc/Legacy -I../Drivers/CMSIS/Device/ST/STM32F0xx/Include -I../Drivers/CMSIS/Include -O0 -ffunction-sections -fdata-sections -Wall -fstack-usage -MMD -MP -MF"Core/Src/main.d" -MT"Core/Src/main.o" --specs=nano.specs -mfloat-abi=soft -mthumb -o "Core/Src/main.o"
../Core/Src/main.c: In function 'main':
../Core/Src/main.c:134:4: warning: implicit declaration of function 'sprintf' [-Wimplicit-function-declaration]
  134 |    sprintf(ADCvalue, "%d \r\n", pollADC());
      |    ^~~~~~~
../Core/Src/main.c:134:4: warning: incompatible implicit declaration of built-in function 'sprintf'
../Core/Src/main.c:24:1: note: include '<stdio.h>' or provide a declaration of 'sprintf'
   23 | #include "main.h"
  +++ |+#include <stdio.h>
   24 | 
../Core/Src/main.c:134:24: warning: format '%d' expects argument of type 'int', but argument 3 has type 'uint32_t' {aka 'long unsigned int'} [-Wformat=]
  134 |    sprintf(ADCvalue, "%d \r\n", pollADC());
      |                       ~^        ~~~~~~~~~
      |                        |        |
      |                        int      uint32_t {aka long unsigned int}
      |                       %ld
../Core/Src/main.c:135:31: warning: pointer targets in passing argument 2 of 'HAL_UART_Transmit' differ in signedness [-Wpointer-sign]
  135 |    HAL_UART_Transmit(&huart2, ADCvalue, sizeof(ADCvalue), 1000);
      |                               ^~~~~~~~
      |                               |
      |                               char *
In file included from ../Core/Inc/stm32f0xx_hal_conf.h:289,
                 from ../Drivers/STM32F0xx_HAL_Driver/Inc/stm32f0xx_hal.h:30,
                 from ../Core/Inc/main.h:30,
                 from ../Core/Src/main.c:23:
../Drivers/STM32F0xx_HAL_Driver/Inc/stm32f0xx_hal_uart.h:1528:73: note: expected 'uint8_t *' {aka 'unsigned char *'} but argument is of type 'char *'
 1528 | HAL_StatusTypeDef HAL_UART_Transmit(UART_HandleTypeDef *huart, uint8_t *pData, uint16_t Size, uint32_t Timeout);
      |                                                                ~~~~~~~~~^~~~~
../Core/Src/main.c:139:24: warning: format '%d' expects argument of type 'int', but argument 3 has type 'uint32_t' {aka 'long unsigned int'} [-Wformat=]
  139 |    sprintf(CRRvalue, "%d \r\n", ADCtoCRR(pollADC()));
      |                       ~^        ~~~~~~~~~~~~~~~~~~~
      |                        |        |
      |                        int      uint32_t {aka long unsigned int}
      |                       %ld
../Core/Src/main.c:140:31: warning: pointer targets in passing argument 2 of 'HAL_UART_Transmit' differ in signedness [-Wpointer-sign]
  140 |    HAL_UART_Transmit(&huart2, CRRvalue, sizeof(CRRvalue), 1000);
      |                               ^~~~~~~~
      |                               |
      |                               char *
In file included from ../Core/Inc/stm32f0xx_hal_conf.h:289,
                 from ../Drivers/STM32F0xx_HAL_Driver/Inc/stm32f0xx_hal.h:30,
                 from ../Core/Inc/main.h:30,
                 from ../Core/Src/main.c:23:
../Drivers/STM32F0xx_HAL_Driver/Inc/stm32f0xx_hal_uart.h:1528:73: note: expected 'uint8_t *' {aka 'unsigned char *'} but argument is of type 'char *'
 1528 | HAL_StatusTypeDef HAL_UART_Transmit(UART_HandleTypeDef *huart, uint8_t *pData, uint16_t Size, uint32_t Timeout);
      |                                                                ~~~~~~~~~^~~~~
arm-none-eabi-gcc -o "EEE3096S_2022_Prac_3_ADCs_Interrupts_and_PWM_Student_Version.elf" @"objects.list"   -mcpu=cortex-m0 -T"C:\Users\PC-USER\OneDrive\UCT YEAR 3\EEE3096S\Practicals\Prac 3\WorkPackage3\EEE3096S_2022_Prac_3_ADCs_Interrupts_and_PWM_Student_Version\STM32F051R8TX_FLASH.ld" --specs=nosys.specs -Wl,-Map="EEE3096S_2022_Prac_3_ADCs_Interrupts_and_PWM_Student_Version.map" -Wl,--gc-sections -static --specs=nano.specs -mfloat-abi=soft -mthumb -Wl,--start-group -lc -lm -Wl,--end-group
Finished building target: EEE3096S_2022_Prac_3_ADCs_Interrupts_and_PWM_Student_Version.elf
 
arm-none-eabi-size   EEE3096S_2022_Prac_3_ADCs_Interrupts_and_PWM_Student_Version.elf 
arm-none-eabi-objdump -h -S  EEE3096S_2022_Prac_3_ADCs_Interrupts_and_PWM_Student_Version.elf  > "EEE3096S_2022_Prac_3_ADCs_Interrupts_and_PWM_Student_Version.list"
   text	   data	    bss	    dec	    hex	filename
  19980	    124	   1996	  22100	   5654	EEE3096S_2022_Prac_3_ADCs_Interrupts_and_PWM_Student_Version.elf
Finished building: default.size.stdout
 
Finished building: EEE3096S_2022_Prac_3_ADCs_Interrupts_and_PWM_Student_Version.list
 
13:55:40 **** Incremental Build of configuration Debug for project EEE3096S_2022_Prac_3_ADCs_Interrupts_and_PWM_Student_Version ****
make -j4 all 
arm-none-eabi-gcc "../Core/Src/main.c" -mcpu=cortex-m0 -std=gnu11 -g3 -DDEBUG -DUSE_HAL_DRIVER -DSTM32F051x8 -c -I../Core/Inc -I../Drivers/STM32F0xx_HAL_Driver/Inc -I../Drivers/STM32F0xx_HAL_Driver/Inc/Legacy -I../Drivers/CMSIS/Device/ST/STM32F0xx/Include -I../Drivers/CMSIS/Include -O0 -ffunction-sections -fdata-sections -Wall -fstack-usage -MMD -MP -MF"Core/Src/main.d" -MT"Core/Src/main.o" --specs=nano.specs -mfloat-abi=soft -mthumb -o "Core/Src/main.o"
../Core/Src/main.c: In function 'main':
../Core/Src/main.c:135:4: warning: implicit declaration of function 'sprintf' [-Wimplicit-function-declaration]
  135 |    sprintf(ADCvalue, "%d \r\n", pollADC());
      |    ^~~~~~~
../Core/Src/main.c:135:4: warning: incompatible implicit declaration of built-in function 'sprintf'
../Core/Src/main.c:24:1: note: include '<stdio.h>' or provide a declaration of 'sprintf'
   23 | #include "main.h"
  +++ |+#include <stdio.h>
   24 | 
../Core/Src/main.c:135:24: warning: format '%d' expects argument of type 'int', but argument 3 has type 'uint32_t' {aka 'long unsigned int'} [-Wformat=]
  135 |    sprintf(ADCvalue, "%d \r\n", pollADC());
      |                       ~^        ~~~~~~~~~
      |                        |        |
      |                        int      uint32_t {aka long unsigned int}
      |                       %ld
../Core/Src/main.c:136:31: warning: pointer targets in passing argument 2 of 'HAL_UART_Transmit' differ in signedness [-Wpointer-sign]
  136 |    HAL_UART_Transmit(&huart2, ADCvalue, sizeof(ADCvalue), 1000);
      |                               ^~~~~~~~
      |                               |
      |                               char *
In file included from ../Core/Inc/stm32f0xx_hal_conf.h:289,
                 from ../Drivers/STM32F0xx_HAL_Driver/Inc/stm32f0xx_hal.h:30,
                 from ../Core/Inc/main.h:30,
                 from ../Core/Src/main.c:23:
../Drivers/STM32F0xx_HAL_Driver/Inc/stm32f0xx_hal_uart.h:1528:73: note: expected 'uint8_t *' {aka 'unsigned char *'} but argument is of type 'char *'
 1528 | HAL_StatusTypeDef HAL_UART_Transmit(UART_HandleTypeDef *huart, uint8_t *pData, uint16_t Size, uint32_t Timeout);
      |                                                                ~~~~~~~~~^~~~~
../Core/Src/main.c:140:24: warning: format '%d' expects argument of type 'int', but argument 3 has type 'uint32_t' {aka 'long unsigned int'} [-Wformat=]
  140 |    sprintf(CRRvalue, "%d \r\n", ADCtoCRR(pollADC()));
      |                       ~^        ~~~~~~~~~~~~~~~~~~~
      |                        |        |
      |                        int      uint32_t {aka long unsigned int}
      |                       %ld
../Core/Src/main.c:141:31: warning: pointer targets in passing argument 2 of 'HAL_UART_Transmit' differ in signedness [-Wpointer-sign]
  141 |    HAL_UART_Transmit(&huart2, CRRvalue, sizeof(CRRvalue), 1000);
      |                               ^~~~~~~~
      |                               |
      |                               char *
In file included from ../Core/Inc/stm32f0xx_hal_conf.h:289,
                 from ../Drivers/STM32F0xx_HAL_Driver/Inc/stm32f0xx_hal.h:30,
                 from ../Core/Inc/main.h:30,
                 from ../Core/Src/main.c:23:
../Drivers/STM32F0xx_HAL_Driver/Inc/stm32f0xx_hal_uart.h:1528:73: note: expected 'uint8_t *' {aka 'unsigned char *'} but argument is of type 'char *'
 1528 | HAL_StatusTypeDef HAL_UART_Transmit(UART_HandleTypeDef *huart, uint8_t *pData, uint16_t Size, uint32_t Timeout);
      |                                                                ~~~~~~~~~^~~~~
arm-none-eabi-gcc -o "EEE3096S_2022_Prac_3_ADCs_Interrupts_and_PWM_Student_Version.elf" @"objects.list"   -mcpu=cortex-m0 -T"C:\Users\PC-USER\OneDrive\UCT YEAR 3\EEE3096S\Practicals\Prac 3\WorkPackage3\EEE3096S_2022_Prac_3_ADCs_Interrupts_and_PWM_Student_Version\STM32F051R8TX_FLASH.ld" --specs=nosys.specs -Wl,-Map="EEE3096S_2022_Prac_3_ADCs_Interrupts_and_PWM_Student_Version.map" -Wl,--gc-sections -static --specs=nano.specs -mfloat-abi=soft -mthumb -Wl,--start-group -lc -lm -Wl,--end-group
Finished building target: EEE3096S_2022_Prac_3_ADCs_Interrupts_and_PWM_Student_Version.elf
 
arm-none-eabi-size   EEE3096S_2022_Prac_3_ADCs_Interrupts_and_PWM_Student_Version.elf 
arm-none-eabi-objdump -h -S  EEE3096S_2022_Prac_3_ADCs_Interrupts_and_PWM_Student_Version.elf  > "EEE3096S_2022_Prac_3_ADCs_Interrupts_and_PWM_Student_Version.list"
   text	   data	    bss	    dec	    hex	filename
  20152	    124	   1996	  22272	   5700	EEE3096S_2022_Prac_3_ADCs_Interrupts_and_PWM_Student_Version.elf
Finished building: default.size.stdout
 
Finished building: EEE3096S_2022_Prac_3_ADCs_Interrupts_and_PWM_Student_Version.list
 
14:00:08 **** Incremental Build of configuration Debug for project EEE3096S_2022_Prac_3_ADCs_Interrupts_and_PWM_Student_Version ****
make -j4 all 
arm-none-eabi-gcc "../Core/Src/main.c" -mcpu=cortex-m0 -std=gnu11 -g3 -DDEBUG -DUSE_HAL_DRIVER -DSTM32F051x8 -c -I../Core/Inc -I../Drivers/STM32F0xx_HAL_Driver/Inc -I../Drivers/STM32F0xx_HAL_Driver/Inc/Legacy -I../Drivers/CMSIS/Device/ST/STM32F0xx/Include -I../Drivers/CMSIS/Include -O0 -ffunction-sections -fdata-sections -Wall -fstack-usage -MMD -MP -MF"Core/Src/main.d" -MT"Core/Src/main.o" --specs=nano.specs -mfloat-abi=soft -mthumb -o "Core/Src/main.o"
../Core/Src/main.c: In function 'main':
../Core/Src/main.c:134:4: warning: implicit declaration of function 'sprintf' [-Wimplicit-function-declaration]
  134 |    sprintf(ADCvalue, "%d \r\n", pollADC());
      |    ^~~~~~~
../Core/Src/main.c:134:4: warning: incompatible implicit declaration of built-in function 'sprintf'
../Core/Src/main.c:24:1: note: include '<stdio.h>' or provide a declaration of 'sprintf'
   23 | #include "main.h"
  +++ |+#include <stdio.h>
   24 | 
../Core/Src/main.c:134:24: warning: format '%d' expects argument of type 'int', but argument 3 has type 'uint32_t' {aka 'long unsigned int'} [-Wformat=]
  134 |    sprintf(ADCvalue, "%d \r\n", pollADC());
      |                       ~^        ~~~~~~~~~
      |                        |        |
      |                        int      uint32_t {aka long unsigned int}
      |                       %ld
../Core/Src/main.c:135:31: warning: pointer targets in passing argument 2 of 'HAL_UART_Transmit' differ in signedness [-Wpointer-sign]
  135 |    HAL_UART_Transmit(&huart2, ADCvalue, sizeof(ADCvalue), 1000);
      |                               ^~~~~~~~
      |                               |
      |                               char *
In file included from ../Core/Inc/stm32f0xx_hal_conf.h:289,
                 from ../Drivers/STM32F0xx_HAL_Driver/Inc/stm32f0xx_hal.h:30,
                 from ../Core/Inc/main.h:30,
                 from ../Core/Src/main.c:23:
../Drivers/STM32F0xx_HAL_Driver/Inc/stm32f0xx_hal_uart.h:1528:73: note: expected 'uint8_t *' {aka 'unsigned char *'} but argument is of type 'char *'
 1528 | HAL_StatusTypeDef HAL_UART_Transmit(UART_HandleTypeDef *huart, uint8_t *pData, uint16_t Size, uint32_t Timeout);
      |                                                                ~~~~~~~~~^~~~~
../Core/Src/main.c:140:31: warning: pointer targets in passing argument 2 of 'HAL_UART_Transmit' differ in signedness [-Wpointer-sign]
  140 |    HAL_UART_Transmit(&huart2, CRRvalue, sizeof(CRRvalue), 1000);
      |                               ^~~~~~~~
      |                               |
      |                               char *
In file included from ../Core/Inc/stm32f0xx_hal_conf.h:289,
                 from ../Drivers/STM32F0xx_HAL_Driver/Inc/stm32f0xx_hal.h:30,
                 from ../Core/Inc/main.h:30,
                 from ../Core/Src/main.c:23:
../Drivers/STM32F0xx_HAL_Driver/Inc/stm32f0xx_hal_uart.h:1528:73: note: expected 'uint8_t *' {aka 'unsigned char *'} but argument is of type 'char *'
 1528 | HAL_StatusTypeDef HAL_UART_Transmit(UART_HandleTypeDef *huart, uint8_t *pData, uint16_t Size, uint32_t Timeout);
      |                                                                ~~~~~~~~~^~~~~
arm-none-eabi-gcc -o "EEE3096S_2022_Prac_3_ADCs_Interrupts_and_PWM_Student_Version.elf" @"objects.list"   -mcpu=cortex-m0 -T"C:\Users\PC-USER\OneDrive\UCT YEAR 3\EEE3096S\Practicals\Prac 3\WorkPackage3\EEE3096S_2022_Prac_3_ADCs_Interrupts_and_PWM_Student_Version\STM32F051R8TX_FLASH.ld" --specs=nosys.specs -Wl,-Map="EEE3096S_2022_Prac_3_ADCs_Interrupts_and_PWM_Student_Version.map" -Wl,--gc-sections -static --specs=nano.specs -mfloat-abi=soft -mthumb -Wl,--start-group -lc -lm -Wl,--end-group
Finished building target: EEE3096S_2022_Prac_3_ADCs_Interrupts_and_PWM_Student_Version.elf
 
arm-none-eabi-size   EEE3096S_2022_Prac_3_ADCs_Interrupts_and_PWM_Student_Version.elf 
arm-none-eabi-objdump -h -S  EEE3096S_2022_Prac_3_ADCs_Interrupts_and_PWM_Student_Version.elf  > "EEE3096S_2022_Prac_3_ADCs_Interrupts_and_PWM_Student_Version.list"
   text	   data	    bss	    dec	    hex	filename
  19984	    124	   1996	  22104	   5658	EEE3096S_2022_Prac_3_ADCs_Interrupts_and_PWM_Student_Version.elf
Finished building: default.size.stdout
 
Finished building: EEE3096S_2022_Prac_3_ADCs_Interrupts_and_PWM_Student_Version.list
 
14:03:06 **** Incremental Build of configuration Debug for project EEE3096S_2022_Prac_3_ADCs_Interrupts_and_PWM_Student_Version ****
make -j4 all 
arm-none-eabi-gcc "../Core/Src/main.c" -mcpu=cortex-m0 -std=gnu11 -g3 -DDEBUG -DUSE_HAL_DRIVER -DSTM32F051x8 -c -I../Core/Inc -I../Drivers/STM32F0xx_HAL_Driver/Inc -I../Drivers/STM32F0xx_HAL_Driver/Inc/Legacy -I../Drivers/CMSIS/Device/ST/STM32F0xx/Include -I../Drivers/CMSIS/Include -O0 -ffunction-sections -fdata-sections -Wall -fstack-usage -MMD -MP -MF"Core/Src/main.d" -MT"Core/Src/main.o" --specs=nano.specs -mfloat-abi=soft -mthumb -o "Core/Src/main.o"
../Core/Src/main.c: In function 'main':
../Core/Src/main.c:134:4: warning: implicit declaration of function 'sprintf' [-Wimplicit-function-declaration]
  134 |    sprintf(ADCvalue, "%d \r\n", pollADC());
      |    ^~~~~~~
../Core/Src/main.c:134:4: warning: incompatible implicit declaration of built-in function 'sprintf'
../Core/Src/main.c:24:1: note: include '<stdio.h>' or provide a declaration of 'sprintf'
   23 | #include "main.h"
  +++ |+#include <stdio.h>
   24 | 
../Core/Src/main.c:134:24: warning: format '%d' expects argument of type 'int', but argument 3 has type 'uint32_t' {aka 'long unsigned int'} [-Wformat=]
  134 |    sprintf(ADCvalue, "%d \r\n", pollADC());
      |                       ~^        ~~~~~~~~~
      |                        |        |
      |                        int      uint32_t {aka long unsigned int}
      |                       %ld
../Core/Src/main.c:135:31: warning: pointer targets in passing argument 2 of 'HAL_UART_Transmit' differ in signedness [-Wpointer-sign]
  135 |    HAL_UART_Transmit(&huart2, ADCvalue, sizeof(ADCvalue), 1000);
      |                               ^~~~~~~~
      |                               |
      |                               char *
In file included from ../Core/Inc/stm32f0xx_hal_conf.h:289,
                 from ../Drivers/STM32F0xx_HAL_Driver/Inc/stm32f0xx_hal.h:30,
                 from ../Core/Inc/main.h:30,
                 from ../Core/Src/main.c:23:
../Drivers/STM32F0xx_HAL_Driver/Inc/stm32f0xx_hal_uart.h:1528:73: note: expected 'uint8_t *' {aka 'unsigned char *'} but argument is of type 'char *'
 1528 | HAL_StatusTypeDef HAL_UART_Transmit(UART_HandleTypeDef *huart, uint8_t *pData, uint16_t Size, uint32_t Timeout);
      |                                                                ~~~~~~~~~^~~~~
../Core/Src/main.c:139:24: warning: format '%d' expects argument of type 'int', but argument 3 has type 'uint32_t' {aka 'long unsigned int'} [-Wformat=]
  139 |    sprintf(CRRvalue, "%d \r\n", ADCtoCRR(pollADC()));
      |                       ~^        ~~~~~~~~~~~~~~~~~~~
      |                        |        |
      |                        int      uint32_t {aka long unsigned int}
      |                       %ld
../Core/Src/main.c:140:31: warning: pointer targets in passing argument 2 of 'HAL_UART_Transmit' differ in signedness [-Wpointer-sign]
  140 |    HAL_UART_Transmit(&huart2, CRRvalue, sizeof(CRRvalue), 1000);
      |                               ^~~~~~~~
      |                               |
      |                               char *
In file included from ../Core/Inc/stm32f0xx_hal_conf.h:289,
                 from ../Drivers/STM32F0xx_HAL_Driver/Inc/stm32f0xx_hal.h:30,
                 from ../Core/Inc/main.h:30,
                 from ../Core/Src/main.c:23:
../Drivers/STM32F0xx_HAL_Driver/Inc/stm32f0xx_hal_uart.h:1528:73: note: expected 'uint8_t *' {aka 'unsigned char *'} but argument is of type 'char *'
 1528 | HAL_StatusTypeDef HAL_UART_Transmit(UART_HandleTypeDef *huart, uint8_t *pData, uint16_t Size, uint32_t Timeout);
      |                                                                ~~~~~~~~~^~~~~
arm-none-eabi-gcc -o "EEE3096S_2022_Prac_3_ADCs_Interrupts_and_PWM_Student_Version.elf" @"objects.list"   -mcpu=cortex-m0 -T"C:\Users\PC-USER\OneDrive\UCT YEAR 3\EEE3096S\Practicals\Prac 3\WorkPackage3\EEE3096S_2022_Prac_3_ADCs_Interrupts_and_PWM_Student_Version\STM32F051R8TX_FLASH.ld" --specs=nosys.specs -Wl,-Map="EEE3096S_2022_Prac_3_ADCs_Interrupts_and_PWM_Student_Version.map" -Wl,--gc-sections -static --specs=nano.specs -mfloat-abi=soft -mthumb -Wl,--start-group -lc -lm -Wl,--end-group
Finished building target: EEE3096S_2022_Prac_3_ADCs_Interrupts_and_PWM_Student_Version.elf
 
arm-none-eabi-size   EEE3096S_2022_Prac_3_ADCs_Interrupts_and_PWM_Student_Version.elf 
arm-none-eabi-objdump -h -S  EEE3096S_2022_Prac_3_ADCs_Interrupts_and_PWM_Student_Version.elf  > "EEE3096S_2022_Prac_3_ADCs_Interrupts_and_PWM_Student_Version.list"
   text	   data	    bss	    dec	    hex	filename
  19984	    124	   1996	  22104	   5658	EEE3096S_2022_Prac_3_ADCs_Interrupts_and_PWM_Student_Version.elf
Finished building: default.size.stdout
 
Finished building: EEE3096S_2022_Prac_3_ADCs_Interrupts_and_PWM_Student_Version.list
 
13:22:36 **** Build of configuration Debug for project EEE3096S_2022_Prac_3_ADCs_Interrupts_and_PWM_Student_Version ****
make -j4 all 
arm-none-eabi-gcc "../Core/Src/main.c" -mcpu=cortex-m0 -std=gnu11 -g3 -DDEBUG -DUSE_HAL_DRIVER -DSTM32F051x8 -c -I../Core/Inc -I../Drivers/STM32F0xx_HAL_Driver/Inc -I../Drivers/STM32F0xx_HAL_Driver/Inc/Legacy -I../Drivers/CMSIS/Device/ST/STM32F0xx/Include -I../Drivers/CMSIS/Include -O0 -ffunction-sections -fdata-sections -Wall -fstack-usage -MMD -MP -MF"Core/Src/main.d" -MT"Core/Src/main.o" --specs=nano.specs -mfloat-abi=soft -mthumb -o "Core/Src/main.o"
../Core/Src/main.c: In function 'main':
../Core/Src/main.c:134:4: warning: implicit declaration of function 'sprintf' [-Wimplicit-function-declaration]
  134 |    sprintf(ADCvalue, "%d \r\n", pollADC());
      |    ^~~~~~~
../Core/Src/main.c:134:4: warning: incompatible implicit declaration of built-in function 'sprintf'
../Core/Src/main.c:24:1: note: include '<stdio.h>' or provide a declaration of 'sprintf'
   23 | #include "main.h"
  +++ |+#include <stdio.h>
   24 | 
../Core/Src/main.c:134:24: warning: format '%d' expects argument of type 'int', but argument 3 has type 'uint32_t' {aka 'long unsigned int'} [-Wformat=]
  134 |    sprintf(ADCvalue, "%d \r\n", pollADC());
      |                       ~^        ~~~~~~~~~
      |                        |        |
      |                        int      uint32_t {aka long unsigned int}
      |                       %ld
../Core/Src/main.c:135:31: warning: pointer targets in passing argument 2 of 'HAL_UART_Transmit' differ in signedness [-Wpointer-sign]
  135 |    HAL_UART_Transmit(&huart2, ADCvalue, sizeof(ADCvalue), 1000);
      |                               ^~~~~~~~
      |                               |
      |                               char *
In file included from ../Core/Inc/stm32f0xx_hal_conf.h:289,
                 from ../Drivers/STM32F0xx_HAL_Driver/Inc/stm32f0xx_hal.h:30,
                 from ../Core/Inc/main.h:30,
                 from ../Core/Src/main.c:23:
../Drivers/STM32F0xx_HAL_Driver/Inc/stm32f0xx_hal_uart.h:1528:73: note: expected 'uint8_t *' {aka 'unsigned char *'} but argument is of type 'char *'
 1528 | HAL_StatusTypeDef HAL_UART_Transmit(UART_HandleTypeDef *huart, uint8_t *pData, uint16_t Size, uint32_t Timeout);
      |                                                                ~~~~~~~~~^~~~~
../Core/Src/main.c:139:24: warning: format '%d' expects argument of type 'int', but argument 3 has type 'uint32_t' {aka 'long unsigned int'} [-Wformat=]
  139 |    sprintf(CRRvalue, "%d \r\n", ADCtoCRR(pollADC()));
      |                       ~^        ~~~~~~~~~~~~~~~~~~~
      |                        |        |
      |                        int      uint32_t {aka long unsigned int}
      |                       %ld
../Core/Src/main.c:140:31: warning: pointer targets in passing argument 2 of 'HAL_UART_Transmit' differ in signedness [-Wpointer-sign]
  140 |    HAL_UART_Transmit(&huart2, CRRvalue, sizeof(CRRvalue), 1000);
      |                               ^~~~~~~~
      |                               |
      |                               char *
In file included from ../Core/Inc/stm32f0xx_hal_conf.h:289,
                 from ../Drivers/STM32F0xx_HAL_Driver/Inc/stm32f0xx_hal.h:30,
                 from ../Core/Inc/main.h:30,
                 from ../Core/Src/main.c:23:
../Drivers/STM32F0xx_HAL_Driver/Inc/stm32f0xx_hal_uart.h:1528:73: note: expected 'uint8_t *' {aka 'unsigned char *'} but argument is of type 'char *'
 1528 | HAL_StatusTypeDef HAL_UART_Transmit(UART_HandleTypeDef *huart, uint8_t *pData, uint16_t Size, uint32_t Timeout);
      |                                                                ~~~~~~~~~^~~~~
../Core/Src/main.c: In function 'pollADC':
../Core/Src/main.c:438:2: warning: implicit declaration of function 'HAL_ADC_STOP'; did you mean 'HAL_ADC_Stop'? [-Wimplicit-function-declaration]
  438 |  HAL_ADC_STOP(&hadc);
      |  ^~~~~~~~~~~~
      |  HAL_ADC_Stop
../Core/Src/main.c: In function 'ADCtoCRR':
../Core/Src/main.c:454:9: error: 'ccr_val' undeclared (first use in this function); did you mean 'crr_val'?
  454 |  return ccr_val;
      |         ^~~~~~~
      |         crr_val
../Core/Src/main.c:454:9: note: each undeclared identifier is reported only once for each function it appears in
../Core/Src/main.c:455:1: warning: control reaches end of non-void function [-Wreturn-type]
  455 | }
      | ^
make: *** [Core/Src/subdir.mk:34: Core/Src/main.o] Error 1
"make -j4 all" terminated with exit code 2. Build might be incomplete.
13:23:38 **** Incremental Build of configuration Debug for project EEE3096S_2022_Prac_3_ADCs_Interrupts_and_PWM_Student_Version ****
make -j4 all 
arm-none-eabi-gcc "../Core/Src/main.c" -mcpu=cortex-m0 -std=gnu11 -g3 -DDEBUG -DUSE_HAL_DRIVER -DSTM32F051x8 -c -I../Core/Inc -I../Drivers/STM32F0xx_HAL_Driver/Inc -I../Drivers/STM32F0xx_HAL_Driver/Inc/Legacy -I../Drivers/CMSIS/Device/ST/STM32F0xx/Include -I../Drivers/CMSIS/Include -O0 -ffunction-sections -fdata-sections -Wall -fstack-usage -MMD -MP -MF"Core/Src/main.d" -MT"Core/Src/main.o" --specs=nano.specs -mfloat-abi=soft -mthumb -o "Core/Src/main.o"
../Core/Src/main.c: In function 'main':
../Core/Src/main.c:134:4: warning: implicit declaration of function 'sprintf' [-Wimplicit-function-declaration]
  134 |    sprintf(ADCvalue, "%d \r\n", pollADC());
      |    ^~~~~~~
../Core/Src/main.c:134:4: warning: incompatible implicit declaration of built-in function 'sprintf'
../Core/Src/main.c:24:1: note: include '<stdio.h>' or provide a declaration of 'sprintf'
   23 | #include "main.h"
  +++ |+#include <stdio.h>
   24 | 
../Core/Src/main.c:134:24: warning: format '%d' expects argument of type 'int', but argument 3 has type 'uint32_t' {aka 'long unsigned int'} [-Wformat=]
  134 |    sprintf(ADCvalue, "%d \r\n", pollADC());
      |                       ~^        ~~~~~~~~~
      |                        |        |
      |                        int      uint32_t {aka long unsigned int}
      |                       %ld
../Core/Src/main.c:135:31: warning: pointer targets in passing argument 2 of 'HAL_UART_Transmit' differ in signedness [-Wpointer-sign]
  135 |    HAL_UART_Transmit(&huart2, ADCvalue, sizeof(ADCvalue), 1000);
      |                               ^~~~~~~~
      |                               |
      |                               char *
In file included from ../Core/Inc/stm32f0xx_hal_conf.h:289,
                 from ../Drivers/STM32F0xx_HAL_Driver/Inc/stm32f0xx_hal.h:30,
                 from ../Core/Inc/main.h:30,
                 from ../Core/Src/main.c:23:
../Drivers/STM32F0xx_HAL_Driver/Inc/stm32f0xx_hal_uart.h:1528:73: note: expected 'uint8_t *' {aka 'unsigned char *'} but argument is of type 'char *'
 1528 | HAL_StatusTypeDef HAL_UART_Transmit(UART_HandleTypeDef *huart, uint8_t *pData, uint16_t Size, uint32_t Timeout);
      |                                                                ~~~~~~~~~^~~~~
../Core/Src/main.c:139:24: warning: format '%d' expects argument of type 'int', but argument 3 has type 'uint32_t' {aka 'long unsigned int'} [-Wformat=]
  139 |    sprintf(CRRvalue, "%d \r\n", ADCtoCRR(pollADC()));
      |                       ~^        ~~~~~~~~~~~~~~~~~~~
      |                        |        |
      |                        int      uint32_t {aka long unsigned int}
      |                       %ld
../Core/Src/main.c:140:31: warning: pointer targets in passing argument 2 of 'HAL_UART_Transmit' differ in signedness [-Wpointer-sign]
  140 |    HAL_UART_Transmit(&huart2, CRRvalue, sizeof(CRRvalue), 1000);
      |                               ^~~~~~~~
      |                               |
      |                               char *
In file included from ../Core/Inc/stm32f0xx_hal_conf.h:289,
                 from ../Drivers/STM32F0xx_HAL_Driver/Inc/stm32f0xx_hal.h:30,
                 from ../Core/Inc/main.h:30,
                 from ../Core/Src/main.c:23:
../Drivers/STM32F0xx_HAL_Driver/Inc/stm32f0xx_hal_uart.h:1528:73: note: expected 'uint8_t *' {aka 'unsigned char *'} but argument is of type 'char *'
 1528 | HAL_StatusTypeDef HAL_UART_Transmit(UART_HandleTypeDef *huart, uint8_t *pData, uint16_t Size, uint32_t Timeout);
      |                                                                ~~~~~~~~~^~~~~
../Core/Src/main.c: In function 'pollADC':
../Core/Src/main.c:438:2: warning: implicit declaration of function 'HAL_ADC_STOP'; did you mean 'HAL_ADC_Stop'? [-Wimplicit-function-declaration]
  438 |  HAL_ADC_STOP(&hadc);
      |  ^~~~~~~~~~~~
      |  HAL_ADC_Stop
arm-none-eabi-gcc -o "EEE3096S_2022_Prac_3_ADCs_Interrupts_and_PWM_Student_Version.elf" @"objects.list"   -mcpu=cortex-m0 -T"C:\Users\PC-USER\OneDrive\UCT YEAR 3\EEE3096S\Practicals\Prac 3\WorkPackage3\EEE3096S_2022_Prac_3_ADCs_Interrupts_and_PWM_Student_Version\STM32F051R8TX_FLASH.ld" --specs=nosys.specs -Wl,-Map="EEE3096S_2022_Prac_3_ADCs_Interrupts_and_PWM_Student_Version.map" -Wl,--gc-sections -static --specs=nano.specs -mfloat-abi=soft -mthumb -Wl,--start-group -lc -lm -Wl,--end-group
c:\st\stm32cubeide_1.9.0\stm32cubeide\plugins\com.st.stm32cube.ide.mcu.externaltools.gnu-tools-for-stm32.10.3-2021.10.win32_1.0.0.202111181127\tools\arm-none-eabi\bin\ld.exe: ./Core/Src/main.o: in function `pollADC':
C:/Users/PC-USER/OneDrive/UCT YEAR 3/EEE3096S/Practicals/Prac 3/WorkPackage3/EEE3096S_2022_Prac_3_ADCs_Interrupts_and_PWM_Student_Version/Debug/../Core/Src/main.c:438: undefined reference to `HAL_ADC_STOP'
collect2.exe: error: ld returned 1 exit status
make: *** [makefile:64: EEE3096S_2022_Prac_3_ADCs_Interrupts_and_PWM_Student_Version.elf] Error 1
"make -j4 all" terminated with exit code 2. Build might be incomplete.
13:25:29 **** Incremental Build of configuration Debug for project EEE3096S_2022_Prac_3_ADCs_Interrupts_and_PWM_Student_Version ****
make -j4 all 
arm-none-eabi-gcc "../Core/Src/main.c" -mcpu=cortex-m0 -std=gnu11 -g3 -DDEBUG -DUSE_HAL_DRIVER -DSTM32F051x8 -c -I../Core/Inc -I../Drivers/STM32F0xx_HAL_Driver/Inc -I../Drivers/STM32F0xx_HAL_Driver/Inc/Legacy -I../Drivers/CMSIS/Device/ST/STM32F0xx/Include -I../Drivers/CMSIS/Include -O0 -ffunction-sections -fdata-sections -Wall -fstack-usage -MMD -MP -MF"Core/Src/main.d" -MT"Core/Src/main.o" --specs=nano.specs -mfloat-abi=soft -mthumb -o "Core/Src/main.o"
../Core/Src/main.c: In function 'main':
../Core/Src/main.c:134:4: warning: implicit declaration of function 'sprintf' [-Wimplicit-function-declaration]
  134 |    sprintf(ADCvalue, "%d \r\n", pollADC());
      |    ^~~~~~~
../Core/Src/main.c:134:4: warning: incompatible implicit declaration of built-in function 'sprintf'
../Core/Src/main.c:24:1: note: include '<stdio.h>' or provide a declaration of 'sprintf'
   23 | #include "main.h"
  +++ |+#include <stdio.h>
   24 | 
../Core/Src/main.c:134:24: warning: format '%d' expects argument of type 'int', but argument 3 has type 'uint32_t' {aka 'long unsigned int'} [-Wformat=]
  134 |    sprintf(ADCvalue, "%d \r\n", pollADC());
      |                       ~^        ~~~~~~~~~
      |                        |        |
      |                        int      uint32_t {aka long unsigned int}
      |                       %ld
../Core/Src/main.c:135:31: warning: pointer targets in passing argument 2 of 'HAL_UART_Transmit' differ in signedness [-Wpointer-sign]
  135 |    HAL_UART_Transmit(&huart2, ADCvalue, sizeof(ADCvalue), 1000);
      |                               ^~~~~~~~
      |                               |
      |                               char *
In file included from ../Core/Inc/stm32f0xx_hal_conf.h:289,
                 from ../Drivers/STM32F0xx_HAL_Driver/Inc/stm32f0xx_hal.h:30,
                 from ../Core/Inc/main.h:30,
                 from ../Core/Src/main.c:23:
../Drivers/STM32F0xx_HAL_Driver/Inc/stm32f0xx_hal_uart.h:1528:73: note: expected 'uint8_t *' {aka 'unsigned char *'} but argument is of type 'char *'
 1528 | HAL_StatusTypeDef HAL_UART_Transmit(UART_HandleTypeDef *huart, uint8_t *pData, uint16_t Size, uint32_t Timeout);
      |                                                                ~~~~~~~~~^~~~~
../Core/Src/main.c:139:24: warning: format '%d' expects argument of type 'int', but argument 3 has type 'uint32_t' {aka 'long unsigned int'} [-Wformat=]
  139 |    sprintf(CRRvalue, "%d \r\n", ADCtoCRR(pollADC()));
      |                       ~^        ~~~~~~~~~~~~~~~~~~~
      |                        |        |
      |                        int      uint32_t {aka long unsigned int}
      |                       %ld
../Core/Src/main.c:140:31: warning: pointer targets in passing argument 2 of 'HAL_UART_Transmit' differ in signedness [-Wpointer-sign]
  140 |    HAL_UART_Transmit(&huart2, CRRvalue, sizeof(CRRvalue), 1000);
      |                               ^~~~~~~~
      |                               |
      |                               char *
In file included from ../Core/Inc/stm32f0xx_hal_conf.h:289,
                 from ../Drivers/STM32F0xx_HAL_Driver/Inc/stm32f0xx_hal.h:30,
                 from ../Core/Inc/main.h:30,
                 from ../Core/Src/main.c:23:
../Drivers/STM32F0xx_HAL_Driver/Inc/stm32f0xx_hal_uart.h:1528:73: note: expected 'uint8_t *' {aka 'unsigned char *'} but argument is of type 'char *'
 1528 | HAL_StatusTypeDef HAL_UART_Transmit(UART_HandleTypeDef *huart, uint8_t *pData, uint16_t Size, uint32_t Timeout);
      |                                                                ~~~~~~~~~^~~~~
arm-none-eabi-gcc -o "EEE3096S_2022_Prac_3_ADCs_Interrupts_and_PWM_Student_Version.elf" @"objects.list"   -mcpu=cortex-m0 -T"C:\Users\PC-USER\OneDrive\UCT YEAR 3\EEE3096S\Practicals\Prac 3\WorkPackage3\EEE3096S_2022_Prac_3_ADCs_Interrupts_and_PWM_Student_Version\STM32F051R8TX_FLASH.ld" --specs=nosys.specs -Wl,-Map="EEE3096S_2022_Prac_3_ADCs_Interrupts_and_PWM_Student_Version.map" -Wl,--gc-sections -static --specs=nano.specs -mfloat-abi=soft -mthumb -Wl,--start-group -lc -lm -Wl,--end-group
Finished building target: EEE3096S_2022_Prac_3_ADCs_Interrupts_and_PWM_Student_Version.elf
 
arm-none-eabi-size   EEE3096S_2022_Prac_3_ADCs_Interrupts_and_PWM_Student_Version.elf 
arm-none-eabi-objdump -h -S  EEE3096S_2022_Prac_3_ADCs_Interrupts_and_PWM_Student_Version.elf  > "EEE3096S_2022_Prac_3_ADCs_Interrupts_and_PWM_Student_Version.list"
   text	   data	    bss	    dec	    hex	filename
  20496	    124	   1996	  22616	   5858	EEE3096S_2022_Prac_3_ADCs_Interrupts_and_PWM_Student_Version.elf
Finished building: default.size.stdout
 
Finished building: EEE3096S_2022_Prac_3_ADCs_Interrupts_and_PWM_Student_Version.list
 
13:31:16 **** Incremental Build of configuration Debug for project EEE3096S_2022_Prac_3_ADCs_Interrupts_and_PWM_Student_Version ****
make -j4 all 
arm-none-eabi-gcc "../Core/Src/main.c" -mcpu=cortex-m0 -std=gnu11 -g3 -DDEBUG -DUSE_HAL_DRIVER -DSTM32F051x8 -c -I../Core/Inc -I../Drivers/STM32F0xx_HAL_Driver/Inc -I../Drivers/STM32F0xx_HAL_Driver/Inc/Legacy -I../Drivers/CMSIS/Device/ST/STM32F0xx/Include -I../Drivers/CMSIS/Include -O0 -ffunction-sections -fdata-sections -Wall -fstack-usage -MMD -MP -MF"Core/Src/main.d" -MT"Core/Src/main.o" --specs=nano.specs -mfloat-abi=soft -mthumb -o "Core/Src/main.o"
../Core/Src/main.c: In function 'main':
../Core/Src/main.c:136:4: warning: implicit declaration of function 'sprintf' [-Wimplicit-function-declaration]
  136 |    sprintf(ADCvalue, "%d \r\n", adcPolling);
      |    ^~~~~~~
../Core/Src/main.c:136:4: warning: incompatible implicit declaration of built-in function 'sprintf'
../Core/Src/main.c:24:1: note: include '<stdio.h>' or provide a declaration of 'sprintf'
   23 | #include "main.h"
  +++ |+#include <stdio.h>
   24 | 
../Core/Src/main.c:136:24: warning: format '%d' expects argument of type 'int', but argument 3 has type 'uint32_t' {aka 'long unsigned int'} [-Wformat=]
  136 |    sprintf(ADCvalue, "%d \r\n", adcPolling);
      |                       ~^        ~~~~~~~~~~
      |                        |        |
      |                        int      uint32_t {aka long unsigned int}
      |                       %ld
../Core/Src/main.c:137:31: warning: pointer targets in passing argument 2 of 'HAL_UART_Transmit' differ in signedness [-Wpointer-sign]
  137 |    HAL_UART_Transmit(&huart2, ADCvalue, sizeof(ADCvalue), 1000);
      |                               ^~~~~~~~
      |                               |
      |                               char *
In file included from ../Core/Inc/stm32f0xx_hal_conf.h:289,
                 from ../Drivers/STM32F0xx_HAL_Driver/Inc/stm32f0xx_hal.h:30,
                 from ../Core/Inc/main.h:30,
                 from ../Core/Src/main.c:23:
../Drivers/STM32F0xx_HAL_Driver/Inc/stm32f0xx_hal_uart.h:1528:73: note: expected 'uint8_t *' {aka 'unsigned char *'} but argument is of type 'char *'
 1528 | HAL_StatusTypeDef HAL_UART_Transmit(UART_HandleTypeDef *huart, uint8_t *pData, uint16_t Size, uint32_t Timeout);
      |                                                                ~~~~~~~~~^~~~~
../Core/Src/main.c:141:24: warning: format '%d' expects argument of type 'int', but argument 3 has type 'uint32_t' {aka 'long unsigned int'} [-Wformat=]
  141 |    sprintf(CRRvalue, "%d \r\n", ADCtoCRR(adcPolling));
      |                       ~^        ~~~~~~~~~~~~~~~~~~~~
      |                        |        |
      |                        int      uint32_t {aka long unsigned int}
      |                       %ld
../Core/Src/main.c:142:31: warning: pointer targets in passing argument 2 of 'HAL_UART_Transmit' differ in signedness [-Wpointer-sign]
  142 |    HAL_UART_Transmit(&huart2, CRRvalue, sizeof(CRRvalue), 1000);
      |                               ^~~~~~~~
      |                               |
      |                               char *
In file included from ../Core/Inc/stm32f0xx_hal_conf.h:289,
                 from ../Drivers/STM32F0xx_HAL_Driver/Inc/stm32f0xx_hal.h:30,
                 from ../Core/Inc/main.h:30,
                 from ../Core/Src/main.c:23:
../Drivers/STM32F0xx_HAL_Driver/Inc/stm32f0xx_hal_uart.h:1528:73: note: expected 'uint8_t *' {aka 'unsigned char *'} but argument is of type 'char *'
 1528 | HAL_StatusTypeDef HAL_UART_Transmit(UART_HandleTypeDef *huart, uint8_t *pData, uint16_t Size, uint32_t Timeout);
      |                                                                ~~~~~~~~~^~~~~
arm-none-eabi-gcc -o "EEE3096S_2022_Prac_3_ADCs_Interrupts_and_PWM_Student_Version.elf" @"objects.list"   -mcpu=cortex-m0 -T"C:\Users\PC-USER\OneDrive\UCT YEAR 3\EEE3096S\Practicals\Prac 3\WorkPackage3\EEE3096S_2022_Prac_3_ADCs_Interrupts_and_PWM_Student_Version\STM32F051R8TX_FLASH.ld" --specs=nosys.specs -Wl,-Map="EEE3096S_2022_Prac_3_ADCs_Interrupts_and_PWM_Student_Version.map" -Wl,--gc-sections -static --specs=nano.specs -mfloat-abi=soft -mthumb -Wl,--start-group -lc -lm -Wl,--end-group
Finished building target: EEE3096S_2022_Prac_3_ADCs_Interrupts_and_PWM_Student_Version.elf
 
arm-none-eabi-size   EEE3096S_2022_Prac_3_ADCs_Interrupts_and_PWM_Student_Version.elf 
arm-none-eabi-objdump -h -S  EEE3096S_2022_Prac_3_ADCs_Interrupts_and_PWM_Student_Version.elf  > "EEE3096S_2022_Prac_3_ADCs_Interrupts_and_PWM_Student_Version.list"
   text	   data	    bss	    dec	    hex	filename
  20480	    124	   1996	  22600	   5848	EEE3096S_2022_Prac_3_ADCs_Interrupts_and_PWM_Student_Version.elf
Finished building: default.size.stdout
 
Finished building: EEE3096S_2022_Prac_3_ADCs_Interrupts_and_PWM_Student_Version.list
 
13:37:52 **** Incremental Build of configuration Debug for project EEE3096S_2022_Prac_3_ADCs_Interrupts_and_PWM_Student_Version ****
make -j4 all 
arm-none-eabi-gcc "../Core/Src/main.c" -mcpu=cortex-m0 -std=gnu11 -g3 -DDEBUG -DUSE_HAL_DRIVER -DSTM32F051x8 -c -I../Core/Inc -I../Drivers/STM32F0xx_HAL_Driver/Inc -I../Drivers/STM32F0xx_HAL_Driver/Inc/Legacy -I../Drivers/CMSIS/Device/ST/STM32F0xx/Include -I../Drivers/CMSIS/Include -O0 -ffunction-sections -fdata-sections -Wall -fstack-usage -MMD -MP -MF"Core/Src/main.d" -MT"Core/Src/main.o" --specs=nano.specs -mfloat-abi=soft -mthumb -o "Core/Src/main.o"
../Core/Src/main.c: In function 'main':
../Core/Src/main.c:136:4: warning: implicit declaration of function 'sprintf' [-Wimplicit-function-declaration]
  136 |    sprintf(ADCvalue, "ADC Value: %d \r\n", adcPolling);
      |    ^~~~~~~
../Core/Src/main.c:136:4: warning: incompatible implicit declaration of built-in function 'sprintf'
../Core/Src/main.c:24:1: note: include '<stdio.h>' or provide a declaration of 'sprintf'
   23 | #include "main.h"
  +++ |+#include <stdio.h>
   24 | 
../Core/Src/main.c:136:35: warning: format '%d' expects argument of type 'int', but argument 3 has type 'uint32_t' {aka 'long unsigned int'} [-Wformat=]
  136 |    sprintf(ADCvalue, "ADC Value: %d \r\n", adcPolling);
      |                                  ~^        ~~~~~~~~~~
      |                                   |        |
      |                                   int      uint32_t {aka long unsigned int}
      |                                  %ld
../Core/Src/main.c:137:31: warning: pointer targets in passing argument 2 of 'HAL_UART_Transmit' differ in signedness [-Wpointer-sign]
  137 |    HAL_UART_Transmit(&huart2, ADCvalue, sizeof(ADCvalue), 1000);
      |                               ^~~~~~~~
      |                               |
      |                               char *
In file included from ../Core/Inc/stm32f0xx_hal_conf.h:289,
                 from ../Drivers/STM32F0xx_HAL_Driver/Inc/stm32f0xx_hal.h:30,
                 from ../Core/Inc/main.h:30,
                 from ../Core/Src/main.c:23:
../Drivers/STM32F0xx_HAL_Driver/Inc/stm32f0xx_hal_uart.h:1528:73: note: expected 'uint8_t *' {aka 'unsigned char *'} but argument is of type 'char *'
 1528 | HAL_StatusTypeDef HAL_UART_Transmit(UART_HandleTypeDef *huart, uint8_t *pData, uint16_t Size, uint32_t Timeout);
      |                                                                ~~~~~~~~~^~~~~
../Core/Src/main.c:141:35: warning: format '%d' expects argument of type 'int', but argument 3 has type 'uint32_t' {aka 'long unsigned int'} [-Wformat=]
  141 |    sprintf(CRRvalue, "CRR Value: %d \r\n", ADCtoCRR(adcPolling));
      |                                  ~^        ~~~~~~~~~~~~~~~~~~~~
      |                                   |        |
      |                                   int      uint32_t {aka long unsigned int}
      |                                  %ld
../Core/Src/main.c:142:31: warning: pointer targets in passing argument 2 of 'HAL_UART_Transmit' differ in signedness [-Wpointer-sign]
  142 |    HAL_UART_Transmit(&huart2, CRRvalue, sizeof(CRRvalue), 1000);
      |                               ^~~~~~~~
      |                               |
      |                               char *
In file included from ../Core/Inc/stm32f0xx_hal_conf.h:289,
                 from ../Drivers/STM32F0xx_HAL_Driver/Inc/stm32f0xx_hal.h:30,
                 from ../Core/Inc/main.h:30,
                 from ../Core/Src/main.c:23:
../Drivers/STM32F0xx_HAL_Driver/Inc/stm32f0xx_hal_uart.h:1528:73: note: expected 'uint8_t *' {aka 'unsigned char *'} but argument is of type 'char *'
 1528 | HAL_StatusTypeDef HAL_UART_Transmit(UART_HandleTypeDef *huart, uint8_t *pData, uint16_t Size, uint32_t Timeout);
      |                                                                ~~~~~~~~~^~~~~
../Core/Src/main.c:136:31: warning: 'ADC Value: ' directive writing 11 bytes into a region of size 8 [-Wformat-overflow=]
  136 |    sprintf(ADCvalue, "ADC Value: %d \r\n", adcPolling);
      |                       ~~~~~~~~^~~
../Core/Src/main.c:136:22: note: using the range [-2147483648, 2147483647] for directive argument
  136 |    sprintf(ADCvalue, "ADC Value: %d \r\n", adcPolling);
      |                      ^~~~~~~~~~~~~~~~~~~~
../Core/Src/main.c:136:4: note: 'sprintf' output between 16 and 26 bytes into a destination of size 8
  136 |    sprintf(ADCvalue, "ADC Value: %d \r\n", adcPolling);
      |    ^~~~~~~~~~~~~~~~~~~~~~~~~~~~~~~~~~~~~~~~~~~~~~~~~~~
../Core/Src/main.c:141:36: warning: ' 
   ' directive writing 3 bytes into a region of size 0 [-Wformat-overflow=]
  141 |    sprintf(CRRvalue, "CRR Value: %d \r\n", ADCtoCRR(adcPolling));
      |                                    ^~~~~
../Core/Src/main.c:141:4: note: 'sprintf' output between 16 and 26 bytes into a destination of size 12
  141 |    sprintf(CRRvalue, "CRR Value: %d \r\n", ADCtoCRR(adcPolling));
      |    ^~~~~~~~~~~~~~~~~~~~~~~~~~~~~~~~~~~~~~~~~~~~~~~~~~~~~~~~~~~~~
arm-none-eabi-gcc -o "EEE3096S_2022_Prac_3_ADCs_Interrupts_and_PWM_Student_Version.elf" @"objects.list"   -mcpu=cortex-m0 -T"C:\Users\PC-USER\OneDrive\UCT YEAR 3\EEE3096S\Practicals\Prac 3\WorkPackage3\EEE3096S_2022_Prac_3_ADCs_Interrupts_and_PWM_Student_Version\STM32F051R8TX_FLASH.ld" --specs=nosys.specs -Wl,-Map="EEE3096S_2022_Prac_3_ADCs_Interrupts_and_PWM_Student_Version.map" -Wl,--gc-sections -static --specs=nano.specs -mfloat-abi=soft -mthumb -Wl,--start-group -lc -lm -Wl,--end-group
Finished building target: EEE3096S_2022_Prac_3_ADCs_Interrupts_and_PWM_Student_Version.elf
 
arm-none-eabi-size   EEE3096S_2022_Prac_3_ADCs_Interrupts_and_PWM_Student_Version.elf 
arm-none-eabi-objdump -h -S  EEE3096S_2022_Prac_3_ADCs_Interrupts_and_PWM_Student_Version.elf  > "EEE3096S_2022_Prac_3_ADCs_Interrupts_and_PWM_Student_Version.list"
   text	   data	    bss	    dec	    hex	filename
  20516	    124	   1996	  22636	   586c	EEE3096S_2022_Prac_3_ADCs_Interrupts_and_PWM_Student_Version.elf
Finished building: default.size.stdout
 
Finished building: EEE3096S_2022_Prac_3_ADCs_Interrupts_and_PWM_Student_Version.list
 
13:39:27 **** Incremental Build of configuration Debug for project EEE3096S_2022_Prac_3_ADCs_Interrupts_and_PWM_Student_Version ****
make -j4 all 
arm-none-eabi-gcc "../Core/Src/main.c" -mcpu=cortex-m0 -std=gnu11 -g3 -DDEBUG -DUSE_HAL_DRIVER -DSTM32F051x8 -c -I../Core/Inc -I../Drivers/STM32F0xx_HAL_Driver/Inc -I../Drivers/STM32F0xx_HAL_Driver/Inc/Legacy -I../Drivers/CMSIS/Device/ST/STM32F0xx/Include -I../Drivers/CMSIS/Include -O0 -ffunction-sections -fdata-sections -Wall -fstack-usage -MMD -MP -MF"Core/Src/main.d" -MT"Core/Src/main.o" --specs=nano.specs -mfloat-abi=soft -mthumb -o "Core/Src/main.o"
../Core/Src/main.c: In function 'main':
../Core/Src/main.c:136:4: warning: implicit declaration of function 'sprintf' [-Wimplicit-function-declaration]
  136 |    sprintf(ADCvalue, "ADC Value: %d \r\n", adcPolling);
      |    ^~~~~~~
../Core/Src/main.c:136:4: warning: incompatible implicit declaration of built-in function 'sprintf'
../Core/Src/main.c:24:1: note: include '<stdio.h>' or provide a declaration of 'sprintf'
   23 | #include "main.h"
  +++ |+#include <stdio.h>
   24 | 
../Core/Src/main.c:136:35: warning: format '%d' expects argument of type 'int', but argument 3 has type 'uint32_t' {aka 'long unsigned int'} [-Wformat=]
  136 |    sprintf(ADCvalue, "ADC Value: %d \r\n", adcPolling);
      |                                  ~^        ~~~~~~~~~~
      |                                   |        |
      |                                   int      uint32_t {aka long unsigned int}
      |                                  %ld
../Core/Src/main.c:137:31: warning: pointer targets in passing argument 2 of 'HAL_UART_Transmit' differ in signedness [-Wpointer-sign]
  137 |    HAL_UART_Transmit(&huart2, ADCvalue, sizeof(ADCvalue), 1000);
      |                               ^~~~~~~~
      |                               |
      |                               char *
In file included from ../Core/Inc/stm32f0xx_hal_conf.h:289,
                 from ../Drivers/STM32F0xx_HAL_Driver/Inc/stm32f0xx_hal.h:30,
                 from ../Core/Inc/main.h:30,
                 from ../Core/Src/main.c:23:
../Drivers/STM32F0xx_HAL_Driver/Inc/stm32f0xx_hal_uart.h:1528:73: note: expected 'uint8_t *' {aka 'unsigned char *'} but argument is of type 'char *'
 1528 | HAL_StatusTypeDef HAL_UART_Transmit(UART_HandleTypeDef *huart, uint8_t *pData, uint16_t Size, uint32_t Timeout);
      |                                                                ~~~~~~~~~^~~~~
../Core/Src/main.c:141:35: warning: format '%d' expects argument of type 'int', but argument 3 has type 'uint32_t' {aka 'long unsigned int'} [-Wformat=]
  141 |    sprintf(CRRvalue, "CRR Value: %d \r\n", ADCtoCRR(adcPolling));
      |                                  ~^        ~~~~~~~~~~~~~~~~~~~~
      |                                   |        |
      |                                   int      uint32_t {aka long unsigned int}
      |                                  %ld
../Core/Src/main.c:142:31: warning: pointer targets in passing argument 2 of 'HAL_UART_Transmit' differ in signedness [-Wpointer-sign]
  142 |    HAL_UART_Transmit(&huart2, CRRvalue, sizeof(CRRvalue), 1000);
      |                               ^~~~~~~~
      |                               |
      |                               char *
In file included from ../Core/Inc/stm32f0xx_hal_conf.h:289,
                 from ../Drivers/STM32F0xx_HAL_Driver/Inc/stm32f0xx_hal.h:30,
                 from ../Core/Inc/main.h:30,
                 from ../Core/Src/main.c:23:
../Drivers/STM32F0xx_HAL_Driver/Inc/stm32f0xx_hal_uart.h:1528:73: note: expected 'uint8_t *' {aka 'unsigned char *'} but argument is of type 'char *'
 1528 | HAL_StatusTypeDef HAL_UART_Transmit(UART_HandleTypeDef *huart, uint8_t *pData, uint16_t Size, uint32_t Timeout);
      |                                                                ~~~~~~~~~^~~~~
arm-none-eabi-gcc -o "EEE3096S_2022_Prac_3_ADCs_Interrupts_and_PWM_Student_Version.elf" @"objects.list"   -mcpu=cortex-m0 -T"C:\Users\PC-USER\OneDrive\UCT YEAR 3\EEE3096S\Practicals\Prac 3\WorkPackage3\EEE3096S_2022_Prac_3_ADCs_Interrupts_and_PWM_Student_Version\STM32F051R8TX_FLASH.ld" --specs=nosys.specs -Wl,-Map="EEE3096S_2022_Prac_3_ADCs_Interrupts_and_PWM_Student_Version.map" -Wl,--gc-sections -static --specs=nano.specs -mfloat-abi=soft -mthumb -Wl,--start-group -lc -lm -Wl,--end-group
Finished building target: EEE3096S_2022_Prac_3_ADCs_Interrupts_and_PWM_Student_Version.elf
 
arm-none-eabi-size   EEE3096S_2022_Prac_3_ADCs_Interrupts_and_PWM_Student_Version.elf 
arm-none-eabi-objdump -h -S  EEE3096S_2022_Prac_3_ADCs_Interrupts_and_PWM_Student_Version.elf  > "EEE3096S_2022_Prac_3_ADCs_Interrupts_and_PWM_Student_Version.list"
   text	   data	    bss	    dec	    hex	filename
  20516	    124	   1996	  22636	   586c	EEE3096S_2022_Prac_3_ADCs_Interrupts_and_PWM_Student_Version.elf
Finished building: default.size.stdout
 
Finished building: EEE3096S_2022_Prac_3_ADCs_Interrupts_and_PWM_Student_Version.list
 
16:43:54 **** Incremental Build of configuration Debug for project EEE3096S_2022_Prac_3_ADCs_Interrupts_and_PWM_Student_Version ****
make -j4 all 
arm-none-eabi-gcc "../Core/Src/main.c" -mcpu=cortex-m0 -std=gnu11 -g3 -DDEBUG -DUSE_HAL_DRIVER -DSTM32F051x8 -c -I../Core/Inc -I../Drivers/STM32F0xx_HAL_Driver/Inc -I../Drivers/STM32F0xx_HAL_Driver/Inc/Legacy -I../Drivers/CMSIS/Device/ST/STM32F0xx/Include -I../Drivers/CMSIS/Include -O0 -ffunction-sections -fdata-sections -Wall -fstack-usage -MMD -MP -MF"Core/Src/main.d" -MT"Core/Src/main.o" --specs=nano.specs -mfloat-abi=soft -mthumb -o "Core/Src/main.o"
../Core/Src/main.c: In function 'main':
../Core/Src/main.c:136:4: warning: implicit declaration of function 'sprintf' [-Wimplicit-function-declaration]
  136 |    sprintf(ADCvalue, "ADC Value: %d \r\n", adcPolling);
      |    ^~~~~~~
../Core/Src/main.c:136:4: warning: incompatible implicit declaration of built-in function 'sprintf'
../Core/Src/main.c:24:1: note: include '<stdio.h>' or provide a declaration of 'sprintf'
   23 | #include "main.h"
  +++ |+#include <stdio.h>
   24 | 
../Core/Src/main.c:136:35: warning: format '%d' expects argument of type 'int', but argument 3 has type 'uint32_t' {aka 'long unsigned int'} [-Wformat=]
  136 |    sprintf(ADCvalue, "ADC Value: %d \r\n", adcPolling);
      |                                  ~^        ~~~~~~~~~~
      |                                   |        |
      |                                   int      uint32_t {aka long unsigned int}
      |                                  %ld
../Core/Src/main.c:137:31: warning: pointer targets in passing argument 2 of 'HAL_UART_Transmit' differ in signedness [-Wpointer-sign]
  137 |    HAL_UART_Transmit(&huart2, ADCvalue, sizeof(ADCvalue), 1000);
      |                               ^~~~~~~~
      |                               |
      |                               char *
In file included from ../Core/Inc/stm32f0xx_hal_conf.h:289,
                 from ../Drivers/STM32F0xx_HAL_Driver/Inc/stm32f0xx_hal.h:30,
                 from ../Core/Inc/main.h:30,
                 from ../Core/Src/main.c:23:
../Drivers/STM32F0xx_HAL_Driver/Inc/stm32f0xx_hal_uart.h:1528:73: note: expected 'uint8_t *' {aka 'unsigned char *'} but argument is of type 'char *'
 1528 | HAL_StatusTypeDef HAL_UART_Transmit(UART_HandleTypeDef *huart, uint8_t *pData, uint16_t Size, uint32_t Timeout);
      |                                                                ~~~~~~~~~^~~~~
../Core/Src/main.c:141:35: warning: format '%d' expects argument of type 'int', but argument 3 has type 'uint32_t' {aka 'long unsigned int'} [-Wformat=]
  141 |    sprintf(CRRvalue, "CRR Value: %d \r\n", ADCtoCRR(adcPolling));
      |                                  ~^        ~~~~~~~~~~~~~~~~~~~~
      |                                   |        |
      |                                   int      uint32_t {aka long unsigned int}
      |                                  %ld
../Core/Src/main.c:142:31: warning: pointer targets in passing argument 2 of 'HAL_UART_Transmit' differ in signedness [-Wpointer-sign]
  142 |    HAL_UART_Transmit(&huart2, CRRvalue, sizeof(CRRvalue), 1000);
      |                               ^~~~~~~~
      |                               |
      |                               char *
In file included from ../Core/Inc/stm32f0xx_hal_conf.h:289,
                 from ../Drivers/STM32F0xx_HAL_Driver/Inc/stm32f0xx_hal.h:30,
                 from ../Core/Inc/main.h:30,
                 from ../Core/Src/main.c:23:
../Drivers/STM32F0xx_HAL_Driver/Inc/stm32f0xx_hal_uart.h:1528:73: note: expected 'uint8_t *' {aka 'unsigned char *'} but argument is of type 'char *'
 1528 | HAL_StatusTypeDef HAL_UART_Transmit(UART_HandleTypeDef *huart, uint8_t *pData, uint16_t Size, uint32_t Timeout);
      |                                                                ~~~~~~~~~^~~~~
arm-none-eabi-gcc -o "EEE3096S_2022_Prac_3_ADCs_Interrupts_and_PWM_Student_Version.elf" @"objects.list"   -mcpu=cortex-m0 -T"C:\Users\PC-USER\OneDrive\UCT YEAR 3\EEE3096S\Practicals\Prac 3\WorkPackage3\EEE3096S_2022_Prac_3_ADCs_Interrupts_and_PWM_Student_Version\STM32F051R8TX_FLASH.ld" --specs=nosys.specs -Wl,-Map="EEE3096S_2022_Prac_3_ADCs_Interrupts_and_PWM_Student_Version.map" -Wl,--gc-sections -static --specs=nano.specs -mfloat-abi=soft -mthumb -Wl,--start-group -lc -lm -Wl,--end-group
Finished building target: EEE3096S_2022_Prac_3_ADCs_Interrupts_and_PWM_Student_Version.elf
 
arm-none-eabi-size   EEE3096S_2022_Prac_3_ADCs_Interrupts_and_PWM_Student_Version.elf 
arm-none-eabi-objdump -h -S  EEE3096S_2022_Prac_3_ADCs_Interrupts_and_PWM_Student_Version.elf  > "EEE3096S_2022_Prac_3_ADCs_Interrupts_and_PWM_Student_Version.list"
   text	   data	    bss	    dec	    hex	filename
  20000	    124	   1996	  22120	   5668	EEE3096S_2022_Prac_3_ADCs_Interrupts_and_PWM_Student_Version.elf
Finished building: default.size.stdout
 
Finished building: EEE3096S_2022_Prac_3_ADCs_Interrupts_and_PWM_Student_Version.list
 
17:53:07 **** Incremental Build of configuration Debug for project EEE3096S_2022_Prac_3_ADCs_Interrupts_and_PWM_Student_Version ****
make -j4 all 
arm-none-eabi-gcc "../Core/Src/main.c" -mcpu=cortex-m0 -std=gnu11 -g3 -DDEBUG -DUSE_HAL_DRIVER -DSTM32F051x8 -c -I../Core/Inc -I../Drivers/STM32F0xx_HAL_Driver/Inc -I../Drivers/STM32F0xx_HAL_Driver/Inc/Legacy -I../Drivers/CMSIS/Device/ST/STM32F0xx/Include -I../Drivers/CMSIS/Include -O0 -ffunction-sections -fdata-sections -Wall -fstack-usage -MMD -MP -MF"Core/Src/main.d" -MT"Core/Src/main.o" --specs=nano.specs -mfloat-abi=soft -mthumb -o "Core/Src/main.o"
../Core/Src/main.c: In function 'main':
../Core/Src/main.c:136:4: warning: implicit declaration of function 'sprintf' [-Wimplicit-function-declaration]
  136 |    sprintf(ADCvalue, "ADC Value: %d \r\n", adcPolling);
      |    ^~~~~~~
../Core/Src/main.c:136:4: warning: incompatible implicit declaration of built-in function 'sprintf'
../Core/Src/main.c:24:1: note: include '<stdio.h>' or provide a declaration of 'sprintf'
   23 | #include "main.h"
  +++ |+#include <stdio.h>
   24 | 
../Core/Src/main.c:136:35: warning: format '%d' expects argument of type 'int', but argument 3 has type 'uint32_t' {aka 'long unsigned int'} [-Wformat=]
  136 |    sprintf(ADCvalue, "ADC Value: %d \r\n", adcPolling);
      |                                  ~^        ~~~~~~~~~~
      |                                   |        |
      |                                   int      uint32_t {aka long unsigned int}
      |                                  %ld
../Core/Src/main.c:137:31: warning: pointer targets in passing argument 2 of 'HAL_UART_Transmit' differ in signedness [-Wpointer-sign]
  137 |    HAL_UART_Transmit(&huart2, ADCvalue, sizeof(ADCvalue), 1000);
      |                               ^~~~~~~~
      |                               |
      |                               char *
In file included from ../Core/Inc/stm32f0xx_hal_conf.h:289,
                 from ../Drivers/STM32F0xx_HAL_Driver/Inc/stm32f0xx_hal.h:30,
                 from ../Core/Inc/main.h:30,
                 from ../Core/Src/main.c:23:
../Drivers/STM32F0xx_HAL_Driver/Inc/stm32f0xx_hal_uart.h:1528:73: note: expected 'uint8_t *' {aka 'unsigned char *'} but argument is of type 'char *'
 1528 | HAL_StatusTypeDef HAL_UART_Transmit(UART_HandleTypeDef *huart, uint8_t *pData, uint16_t Size, uint32_t Timeout);
      |                                                                ~~~~~~~~~^~~~~
../Core/Src/main.c:141:35: warning: format '%d' expects argument of type 'int', but argument 3 has type 'uint32_t' {aka 'long unsigned int'} [-Wformat=]
  141 |    sprintf(CRRvalue, "CRR Value: %d \r\n", ADCtoCRR(adcPolling));
      |                                  ~^        ~~~~~~~~~~~~~~~~~~~~
      |                                   |        |
      |                                   int      uint32_t {aka long unsigned int}
      |                                  %ld
../Core/Src/main.c:142:31: warning: pointer targets in passing argument 2 of 'HAL_UART_Transmit' differ in signedness [-Wpointer-sign]
  142 |    HAL_UART_Transmit(&huart2, CRRvalue, sizeof(CRRvalue), 1000);
      |                               ^~~~~~~~
      |                               |
      |                               char *
In file included from ../Core/Inc/stm32f0xx_hal_conf.h:289,
                 from ../Drivers/STM32F0xx_HAL_Driver/Inc/stm32f0xx_hal.h:30,
                 from ../Core/Inc/main.h:30,
                 from ../Core/Src/main.c:23:
../Drivers/STM32F0xx_HAL_Driver/Inc/stm32f0xx_hal_uart.h:1528:73: note: expected 'uint8_t *' {aka 'unsigned char *'} but argument is of type 'char *'
 1528 | HAL_StatusTypeDef HAL_UART_Transmit(UART_HandleTypeDef *huart, uint8_t *pData, uint16_t Size, uint32_t Timeout);
      |                                                                ~~~~~~~~~^~~~~
arm-none-eabi-gcc -o "EEE3096S_2022_Prac_3_ADCs_Interrupts_and_PWM_Student_Version.elf" @"objects.list"   -mcpu=cortex-m0 -T"C:\Users\PC-USER\OneDrive\UCT YEAR 3\EEE3096S\Practicals\Prac 3\WorkPackage3\EEE3096S_2022_Prac_3_ADCs_Interrupts_and_PWM_Student_Version\STM32F051R8TX_FLASH.ld" --specs=nosys.specs -Wl,-Map="EEE3096S_2022_Prac_3_ADCs_Interrupts_and_PWM_Student_Version.map" -Wl,--gc-sections -static --specs=nano.specs -mfloat-abi=soft -mthumb -Wl,--start-group -lc -lm -Wl,--end-group
Finished building target: EEE3096S_2022_Prac_3_ADCs_Interrupts_and_PWM_Student_Version.elf
 
arm-none-eabi-size   EEE3096S_2022_Prac_3_ADCs_Interrupts_and_PWM_Student_Version.elf 
arm-none-eabi-objdump -h -S  EEE3096S_2022_Prac_3_ADCs_Interrupts_and_PWM_Student_Version.elf  > "EEE3096S_2022_Prac_3_ADCs_Interrupts_and_PWM_Student_Version.list"
   text	   data	    bss	    dec	    hex	filename
  20516	    124	   1996	  22636	   586c	EEE3096S_2022_Prac_3_ADCs_Interrupts_and_PWM_Student_Version.elf
Finished building: default.size.stdout
 
Finished building: EEE3096S_2022_Prac_3_ADCs_Interrupts_and_PWM_Student_Version.list
 
